05-Sep-2022 15:22:24.164 INFO [main] org.apache.catalina.startup.VersionLoggerListener.log Nom version serveur :              Apache Tomcat/9.0.65
05-Sep-2022 15:22:24.164 INFO [main] org.apache.catalina.startup.VersionLoggerListener.log Serveur compilé :                  Jul 14 2022 12:28:53 UTC
05-Sep-2022 15:22:24.164 INFO [main] org.apache.catalina.startup.VersionLoggerListener.log Version du serveur :               9.0.65.0
05-Sep-2022 15:22:24.164 INFO [main] org.apache.catalina.startup.VersionLoggerListener.log Nom de l'OS :                      Windows 10
05-Sep-2022 15:22:24.164 INFO [main] org.apache.catalina.startup.VersionLoggerListener.log Version OS :                       10.0
05-Sep-2022 15:22:24.164 INFO [main] org.apache.catalina.startup.VersionLoggerListener.log Architecture :                     amd64
05-Sep-2022 15:22:24.164 INFO [main] org.apache.catalina.startup.VersionLoggerListener.log Java Home :                        C:\Program Files\Java\jdk-11.0.11
05-Sep-2022 15:22:24.164 INFO [main] org.apache.catalina.startup.VersionLoggerListener.log Version JVM :                      11.0.11+9-LTS-194
05-Sep-2022 15:22:24.164 INFO [main] org.apache.catalina.startup.VersionLoggerListener.log Fournisseur de la JVM :            Oracle Corporation
05-Sep-2022 15:22:24.164 INFO [main] org.apache.catalina.startup.VersionLoggerListener.log CATALINA_BASE :                    C:\Program Files\Apache Software Foundation\apache-tomcat-9.0.65
05-Sep-2022 15:22:24.164 INFO [main] org.apache.catalina.startup.VersionLoggerListener.log CATALINA_HOME :                    C:\Program Files\Apache Software Foundation\apache-tomcat-9.0.65
05-Sep-2022 15:22:24.180 INFO [main] org.apache.catalina.startup.VersionLoggerListener.log Argument de la ligne de commande : --add-opens=java.base/java.lang=ALL-UNNAMED
05-Sep-2022 15:22:24.180 INFO [main] org.apache.catalina.startup.VersionLoggerListener.log Argument de la ligne de commande : --add-opens=java.base/java.io=ALL-UNNAMED
05-Sep-2022 15:22:24.180 INFO [main] org.apache.catalina.startup.VersionLoggerListener.log Argument de la ligne de commande : --add-opens=java.base/java.util=ALL-UNNAMED
05-Sep-2022 15:22:24.180 INFO [main] org.apache.catalina.startup.VersionLoggerListener.log Argument de la ligne de commande : --add-opens=java.base/java.util.concurrent=ALL-UNNAMED
05-Sep-2022 15:22:24.180 INFO [main] org.apache.catalina.startup.VersionLoggerListener.log Argument de la ligne de commande : --add-opens=java.rmi/sun.rmi.transport=ALL-UNNAMED
05-Sep-2022 15:22:24.180 INFO [main] org.apache.catalina.startup.VersionLoggerListener.log Argument de la ligne de commande : -Djava.util.logging.config.file=C:\Program Files\Apache Software Foundation\apache-tomcat-9.0.65\conf\logging.properties
05-Sep-2022 15:22:24.180 INFO [main] org.apache.catalina.startup.VersionLoggerListener.log Argument de la ligne de commande : -Djava.util.logging.manager=org.apache.juli.ClassLoaderLogManager
05-Sep-2022 15:22:24.180 INFO [main] org.apache.catalina.startup.VersionLoggerListener.log Argument de la ligne de commande : -Dhttp.nonProxyHosts=localhost|127.0.0.1|HPC303-02
05-Sep-2022 15:22:24.180 INFO [main] org.apache.catalina.startup.VersionLoggerListener.log Argument de la ligne de commande : -Djdk.tls.ephemeralDHKeySize=2048
05-Sep-2022 15:22:24.180 INFO [main] org.apache.catalina.startup.VersionLoggerListener.log Argument de la ligne de commande : -Djava.protocol.handler.pkgs=org.apache.catalina.webresources
05-Sep-2022 15:22:24.180 INFO [main] org.apache.catalina.startup.VersionLoggerListener.log Argument de la ligne de commande : -Dignore.endorsed.dirs=
05-Sep-2022 15:22:24.180 INFO [main] org.apache.catalina.startup.VersionLoggerListener.log Argument de la ligne de commande : -Dcatalina.base=C:\Program Files\Apache Software Foundation\apache-tomcat-9.0.65
05-Sep-2022 15:22:24.180 INFO [main] org.apache.catalina.startup.VersionLoggerListener.log Argument de la ligne de commande : -Dcatalina.home=C:\Program Files\Apache Software Foundation\apache-tomcat-9.0.65
05-Sep-2022 15:22:24.180 INFO [main] org.apache.catalina.startup.VersionLoggerListener.log Argument de la ligne de commande : -Djava.io.tmpdir=C:\Program Files\Apache Software Foundation\apache-tomcat-9.0.65\temp
05-Sep-2022 15:22:24.195 INFO [main] org.apache.catalina.core.AprLifecycleListener.lifecycleEvent Chargement de la librairie Apache Tomcat Native [1.2.35] en utilisant APR version [1.7.0]
05-Sep-2022 15:22:24.195 INFO [main] org.apache.catalina.core.AprLifecycleListener.lifecycleEvent Fonctionnalités d'APR : IPv6 [true], sendfile [true], accept filters [false], random [true], UDS [true]
05-Sep-2022 15:22:24.195 INFO [main] org.apache.catalina.core.AprLifecycleListener.lifecycleEvent Configuration de APR/OpenSSL : useAprConnector [false], useOpenSSL [true]
05-Sep-2022 15:22:24.211 INFO [main] org.apache.catalina.core.AprLifecycleListener.initializeSSL OpenSSL a été initialisé avec succès [OpenSSL 1.1.1q  5 Jul 2022]
05-Sep-2022 15:22:24.430 INFO [main] org.apache.coyote.AbstractProtocol.init Initialisation du gestionnaire de protocole ["http-nio-8080"]
05-Sep-2022 15:22:24.461 INFO [main] org.apache.catalina.startup.Catalina.load L'initialisation du serveur a pris [466] millisecondes
05-Sep-2022 15:22:24.508 INFO [main] org.apache.catalina.core.StandardService.startInternal Démarrage du service [Catalina]
05-Sep-2022 15:22:24.508 INFO [main] org.apache.catalina.core.StandardEngine.startInternal Démarrage du moteur de Servlets : [Apache Tomcat/9.0.65]
05-Sep-2022 15:22:24.508 INFO [main] org.apache.catalina.startup.HostConfig.deployDirectory Déploiement du répertoire d'application web [C:\Program Files\Apache Software Foundation\apache-tomcat-9.0.65\webapps\docs]
05-Sep-2022 15:22:24.798 INFO [main] org.apache.jasper.servlet.TldScanner.scanJars Au moins un fichier JAR a été analysé pour trouver des TLDs mais il n'en contenait pas, le mode "debug" du journal peut être activé pour obtenir une liste complète de JAR scannés sans succès ; éviter d'analyser des JARs inutilement peut améliorer sensiblement le temps de démarrage et le temps de compilation des JSPs
05-Sep-2022 15:22:24.923 INFO [main] org.apache.catalina.startup.HostConfig.deployDirectory Le déploiement du répertoire [C:\Program Files\Apache Software Foundation\apache-tomcat-9.0.65\webapps\docs] de l'application web s'est terminé en [415] ms
05-Sep-2022 15:22:24.923 INFO [main] org.apache.catalina.startup.HostConfig.deployDirectory Déploiement du répertoire d'application web [C:\Program Files\Apache Software Foundation\apache-tomcat-9.0.65\webapps\examples]
05-Sep-2022 15:22:25.204 INFO [main] org.apache.jasper.servlet.TldScanner.scanJars Au moins un fichier JAR a été analysé pour trouver des TLDs mais il n'en contenait pas, le mode "debug" du journal peut être activé pour obtenir une liste complète de JAR scannés sans succès ; éviter d'analyser des JARs inutilement peut améliorer sensiblement le temps de démarrage et le temps de compilation des JSPs
05-Sep-2022 15:22:25.251 INFO [main] org.apache.catalina.startup.HostConfig.deployDirectory Le déploiement du répertoire [C:\Program Files\Apache Software Foundation\apache-tomcat-9.0.65\webapps\examples] de l'application web s'est terminé en [328] ms
05-Sep-2022 15:22:25.251 INFO [main] org.apache.catalina.startup.HostConfig.deployDirectory Déploiement du répertoire d'application web [C:\Program Files\Apache Software Foundation\apache-tomcat-9.0.65\webapps\host-manager]
05-Sep-2022 15:22:25.329 INFO [main] org.apache.jasper.servlet.TldScanner.scanJars Au moins un fichier JAR a été analysé pour trouver des TLDs mais il n'en contenait pas, le mode "debug" du journal peut être activé pour obtenir une liste complète de JAR scannés sans succès ; éviter d'analyser des JARs inutilement peut améliorer sensiblement le temps de démarrage et le temps de compilation des JSPs
05-Sep-2022 15:22:25.329 INFO [main] org.apache.catalina.startup.HostConfig.deployDirectory Le déploiement du répertoire [C:\Program Files\Apache Software Foundation\apache-tomcat-9.0.65\webapps\host-manager] de l'application web s'est terminé en [78] ms
05-Sep-2022 15:22:25.329 INFO [main] org.apache.catalina.startup.HostConfig.deployDirectory Déploiement du répertoire d'application web [C:\Program Files\Apache Software Foundation\apache-tomcat-9.0.65\webapps\manager]
05-Sep-2022 15:22:25.423 INFO [main] org.apache.jasper.servlet.TldScanner.scanJars Au moins un fichier JAR a été analysé pour trouver des TLDs mais il n'en contenait pas, le mode "debug" du journal peut être activé pour obtenir une liste complète de JAR scannés sans succès ; éviter d'analyser des JARs inutilement peut améliorer sensiblement le temps de démarrage et le temps de compilation des JSPs
05-Sep-2022 15:22:25.423 INFO [main] org.apache.catalina.startup.HostConfig.deployDirectory Le déploiement du répertoire [C:\Program Files\Apache Software Foundation\apache-tomcat-9.0.65\webapps\manager] de l'application web s'est terminé en [94] ms
05-Sep-2022 15:22:25.423 INFO [main] org.apache.catalina.startup.HostConfig.deployDirectory Déploiement du répertoire d'application web [C:\Program Files\Apache Software Foundation\apache-tomcat-9.0.65\webapps\ROOT]
05-Sep-2022 15:22:25.501 INFO [main] org.apache.jasper.servlet.TldScanner.scanJars Au moins un fichier JAR a été analysé pour trouver des TLDs mais il n'en contenait pas, le mode "debug" du journal peut être activé pour obtenir une liste complète de JAR scannés sans succès ; éviter d'analyser des JARs inutilement peut améliorer sensiblement le temps de démarrage et le temps de compilation des JSPs
05-Sep-2022 15:22:25.501 INFO [main] org.apache.catalina.startup.HostConfig.deployDirectory Le déploiement du répertoire [C:\Program Files\Apache Software Foundation\apache-tomcat-9.0.65\webapps\ROOT] de l'application web s'est terminé en [78] ms
05-Sep-2022 15:22:25.517 INFO [main] org.apache.coyote.AbstractProtocol.start Démarrage du gestionnaire de protocole ["http-nio-8080"]
05-Sep-2022 15:22:25.610 INFO [main] org.apache.catalina.startup.Catalina.start Le démarrage du serveur a pris [1148] millisecondes
05-Sep-2022 15:23:05.910 INFO [http-nio-8080-exec-9] org.apache.catalina.startup.HostConfig.deployDescriptor Déploiement du descripteur de configuration [C:\Program Files\Apache Software Foundation\apache-tomcat-9.0.65\conf\Catalina\localhost\normanzik.xml]
05-Sep-2022 15:23:05.910 WARNING [http-nio-8080-exec-9] org.apache.catalina.startup.HostConfig.deployDescriptor L'attribut path avec la valeur [/normanzik] dans le descripteur de déploiement [C:\Program Files\Apache Software Foundation\apache-tomcat-9.0.65\conf\Catalina\localhost\normanzik.xml] a été ignoré
05-Sep-2022 15:23:06.035 INFO [http-nio-8080-exec-9] org.apache.jasper.servlet.TldScanner.scanJars Au moins un fichier JAR a été analysé pour trouver des TLDs mais il n'en contenait pas, le mode "debug" du journal peut être activé pour obtenir une liste complète de JAR scannés sans succès ; éviter d'analyser des JARs inutilement peut améliorer sensiblement le temps de démarrage et le temps de compilation des JSPs
05-Sep-2022 15:23:06.098 INFO [http-nio-8080-exec-9] org.apache.catalina.startup.HostConfig.deployDescriptor Le traitement du descripteur de déploiement [C:\Program Files\Apache Software Foundation\apache-tomcat-9.0.65\conf\Catalina\localhost\normanzik.xml] a pris [188] ms
05-Sep-2022 15:23:06.098 INFO [http-nio-8080-exec-10] org.apache.catalina.util.LifecycleBase.start La méthode start() a été appelée sur le composant [StandardEngine[Catalina].StandardHost[localhost].StandardContext[/normanzik]] après que start() ait déjà été appelé, le deuxième appel sera ignoré
05-Sep-2022 15:40:48.048 WARNING [http-nio-8080-exec-3] org.apache.catalina.loader.WebappClassLoaderBase.clearReferencesJdbc L'application web [normanzik] a enregistré un pilote JDBC [org.mariadb.jdbc.Driver], mais ne l'a pas désenregistré avant l'arrêt de l'application.  Pour éviter une fuite de mémoire, le pilote JDBC a été désenregistré de force.
05-Sep-2022 15:40:48.567 INFO [http-nio-8080-exec-3] org.apache.catalina.startup.HostConfig.undeploy Retrait de l'application web ayant pour chemin de contexte [/normanzik]
05-Sep-2022 15:40:48.583 INFO [http-nio-8080-exec-9] org.apache.catalina.startup.HostConfig.deployDescriptor Déploiement du descripteur de configuration [C:\Program Files\Apache Software Foundation\apache-tomcat-9.0.65\conf\Catalina\localhost\normanzik.xml]
05-Sep-2022 15:40:48.583 WARNING [http-nio-8080-exec-9] org.apache.catalina.startup.HostConfig.deployDescriptor L'attribut path avec la valeur [/normanzik] dans le descripteur de déploiement [C:\Program Files\Apache Software Foundation\apache-tomcat-9.0.65\conf\Catalina\localhost\normanzik.xml] a été ignoré
05-Sep-2022 15:40:48.677 INFO [http-nio-8080-exec-9] org.apache.jasper.servlet.TldScanner.scanJars Au moins un fichier JAR a été analysé pour trouver des TLDs mais il n'en contenait pas, le mode "debug" du journal peut être activé pour obtenir une liste complète de JAR scannés sans succès ; éviter d'analyser des JARs inutilement peut améliorer sensiblement le temps de démarrage et le temps de compilation des JSPs
05-Sep-2022 15:40:48.723 INFO [http-nio-8080-exec-9] org.apache.catalina.startup.HostConfig.deployDescriptor Le traitement du descripteur de déploiement [C:\Program Files\Apache Software Foundation\apache-tomcat-9.0.65\conf\Catalina\localhost\normanzik.xml] a pris [140] ms
05-Sep-2022 15:40:48.723 INFO [http-nio-8080-exec-6] org.apache.catalina.util.LifecycleBase.start La méthode start() a été appelée sur le composant [StandardEngine[Catalina].StandardHost[localhost].StandardContext[/normanzik]] après que start() ait déjà été appelé, le deuxième appel sera ignoré
05-Sep-2022 15:43:17.326 WARNING [http-nio-8080-exec-16] org.apache.catalina.loader.WebappClassLoaderBase.clearReferencesJdbc L'application web [normanzik] a enregistré un pilote JDBC [org.mariadb.jdbc.Driver], mais ne l'a pas désenregistré avant l'arrêt de l'application.  Pour éviter une fuite de mémoire, le pilote JDBC a été désenregistré de force.
05-Sep-2022 15:43:17.826 INFO [http-nio-8080-exec-16] org.apache.catalina.startup.HostConfig.undeploy Retrait de l'application web ayant pour chemin de contexte [/normanzik]
05-Sep-2022 15:43:17.838 INFO [http-nio-8080-exec-15] org.apache.catalina.startup.HostConfig.deployDescriptor Déploiement du descripteur de configuration [C:\Program Files\Apache Software Foundation\apache-tomcat-9.0.65\conf\Catalina\localhost\normanzik.xml]
05-Sep-2022 15:43:17.838 WARNING [http-nio-8080-exec-15] org.apache.catalina.startup.HostConfig.deployDescriptor L'attribut path avec la valeur [/normanzik] dans le descripteur de déploiement [C:\Program Files\Apache Software Foundation\apache-tomcat-9.0.65\conf\Catalina\localhost\normanzik.xml] a été ignoré
05-Sep-2022 15:43:17.932 INFO [http-nio-8080-exec-15] org.apache.jasper.servlet.TldScanner.scanJars Au moins un fichier JAR a été analysé pour trouver des TLDs mais il n'en contenait pas, le mode "debug" du journal peut être activé pour obtenir une liste complète de JAR scannés sans succès ; éviter d'analyser des JARs inutilement peut améliorer sensiblement le temps de démarrage et le temps de compilation des JSPs
05-Sep-2022 15:43:17.978 INFO [http-nio-8080-exec-15] org.apache.catalina.startup.HostConfig.deployDescriptor Le traitement du descripteur de déploiement [C:\Program Files\Apache Software Foundation\apache-tomcat-9.0.65\conf\Catalina\localhost\normanzik.xml] a pris [140] ms
05-Sep-2022 15:43:17.978 INFO [http-nio-8080-exec-11] org.apache.catalina.util.LifecycleBase.start La méthode start() a été appelée sur le composant [StandardEngine[Catalina].StandardHost[localhost].StandardContext[/normanzik]] après que start() ait déjà été appelé, le deuxième appel sera ignoré
05-Sep-2022 16:16:37.486 INFO [http-nio-8080-exec-23] org.apache.catalina.core.StandardContext.reload Le rechargement du contexte [/normanzik] a démarré
05-Sep-2022 16:16:37.502 WARNING [http-nio-8080-exec-23] org.apache.catalina.loader.WebappClassLoaderBase.clearReferencesJdbc L'application web [normanzik] a enregistré un pilote JDBC [org.mariadb.jdbc.Driver], mais ne l'a pas désenregistré avant l'arrêt de l'application.  Pour éviter une fuite de mémoire, le pilote JDBC a été désenregistré de force.
05-Sep-2022 16:16:37.627 INFO [http-nio-8080-exec-23] org.apache.jasper.servlet.TldScanner.scanJars Au moins un fichier JAR a été analysé pour trouver des TLDs mais il n'en contenait pas, le mode "debug" du journal peut être activé pour obtenir une liste complète de JAR scannés sans succès ; éviter d'analyser des JARs inutilement peut améliorer sensiblement le temps de démarrage et le temps de compilation des JSPs
05-Sep-2022 16:16:37.673 INFO [http-nio-8080-exec-23] org.apache.catalina.core.StandardContext.reload Le rechargement de ce contexte est terminé
05-Sep-2022 16:17:01.399 INFO [http-nio-8080-exec-18] org.apache.catalina.core.StandardContext.reload Le rechargement du contexte [/normanzik] a démarré
05-Sep-2022 16:17:01.415 WARNING [http-nio-8080-exec-18] org.apache.catalina.loader.WebappClassLoaderBase.clearReferencesJdbc L'application web [normanzik] a enregistré un pilote JDBC [org.mariadb.jdbc.Driver], mais ne l'a pas désenregistré avant l'arrêt de l'application.  Pour éviter une fuite de mémoire, le pilote JDBC a été désenregistré de force.
05-Sep-2022 16:17:01.524 INFO [http-nio-8080-exec-18] org.apache.jasper.servlet.TldScanner.scanJars Au moins un fichier JAR a été analysé pour trouver des TLDs mais il n'en contenait pas, le mode "debug" du journal peut être activé pour obtenir une liste complète de JAR scannés sans succès ; éviter d'analyser des JARs inutilement peut améliorer sensiblement le temps de démarrage et le temps de compilation des JSPs
05-Sep-2022 16:17:01.603 INFO [http-nio-8080-exec-18] org.apache.catalina.core.StandardContext.reload Le rechargement de ce contexte est terminé
05-Sep-2022 16:17:01.973 INFO [http-nio-8080-exec-25] org.apache.catalina.core.StandardContext.reload Le rechargement du contexte [/normanzik] a démarré
05-Sep-2022 16:17:01.988 WARNING [http-nio-8080-exec-25] org.apache.catalina.loader.WebappClassLoaderBase.clearReferencesJdbc L'application web [normanzik] a enregistré un pilote JDBC [org.mariadb.jdbc.Driver], mais ne l'a pas désenregistré avant l'arrêt de l'application.  Pour éviter une fuite de mémoire, le pilote JDBC a été désenregistré de force.
05-Sep-2022 16:17:02.091 INFO [http-nio-8080-exec-25] org.apache.jasper.servlet.TldScanner.scanJars Au moins un fichier JAR a été analysé pour trouver des TLDs mais il n'en contenait pas, le mode "debug" du journal peut être activé pour obtenir une liste complète de JAR scannés sans succès ; éviter d'analyser des JARs inutilement peut améliorer sensiblement le temps de démarrage et le temps de compilation des JSPs
05-Sep-2022 16:17:02.137 INFO [http-nio-8080-exec-25] org.apache.catalina.core.StandardContext.reload Le rechargement de ce contexte est terminé
05-Sep-2022 16:17:10.905 INFO [http-nio-8080-exec-29] org.apache.catalina.core.StandardContext.reload Le rechargement du contexte [/normanzik] a démarré
05-Sep-2022 16:17:10.921 WARNING [http-nio-8080-exec-29] org.apache.catalina.loader.WebappClassLoaderBase.clearReferencesJdbc L'application web [normanzik] a enregistré un pilote JDBC [org.mariadb.jdbc.Driver], mais ne l'a pas désenregistré avant l'arrêt de l'application.  Pour éviter une fuite de mémoire, le pilote JDBC a été désenregistré de force.
05-Sep-2022 16:17:10.999 INFO [http-nio-8080-exec-29] org.apache.jasper.servlet.TldScanner.scanJars Au moins un fichier JAR a été analysé pour trouver des TLDs mais il n'en contenait pas, le mode "debug" du journal peut être activé pour obtenir une liste complète de JAR scannés sans succès ; éviter d'analyser des JARs inutilement peut améliorer sensiblement le temps de démarrage et le temps de compilation des JSPs
05-Sep-2022 16:17:11.046 INFO [http-nio-8080-exec-29] org.apache.catalina.core.StandardContext.reload Le rechargement de ce contexte est terminé
05-Sep-2022 16:18:39.010 INFO [http-nio-8080-exec-20] org.apache.catalina.core.StandardContext.reload Le rechargement du contexte [/normanzik] a démarré
05-Sep-2022 16:18:39.025 WARNING [http-nio-8080-exec-20] org.apache.catalina.loader.WebappClassLoaderBase.clearReferencesJdbc L'application web [normanzik] a enregistré un pilote JDBC [org.mariadb.jdbc.Driver], mais ne l'a pas désenregistré avant l'arrêt de l'application.  Pour éviter une fuite de mémoire, le pilote JDBC a été désenregistré de force.
05-Sep-2022 16:18:39.119 INFO [http-nio-8080-exec-20] org.apache.jasper.servlet.TldScanner.scanJars Au moins un fichier JAR a été analysé pour trouver des TLDs mais il n'en contenait pas, le mode "debug" du journal peut être activé pour obtenir une liste complète de JAR scannés sans succès ; éviter d'analyser des JARs inutilement peut améliorer sensiblement le temps de démarrage et le temps de compilation des JSPs
05-Sep-2022 16:18:39.182 INFO [http-nio-8080-exec-20] org.apache.catalina.core.StandardContext.reload Le rechargement de ce contexte est terminé
05-Sep-2022 16:18:39.260 INFO [http-nio-8080-exec-30] org.apache.catalina.core.StandardContext.reload Le rechargement du contexte [/normanzik] a démarré
05-Sep-2022 16:18:39.260 WARNING [http-nio-8080-exec-30] org.apache.catalina.loader.WebappClassLoaderBase.clearReferencesJdbc L'application web [normanzik] a enregistré un pilote JDBC [org.mariadb.jdbc.Driver], mais ne l'a pas désenregistré avant l'arrêt de l'application.  Pour éviter une fuite de mémoire, le pilote JDBC a été désenregistré de force.
05-Sep-2022 16:18:39.369 INFO [http-nio-8080-exec-30] org.apache.jasper.servlet.TldScanner.scanJars Au moins un fichier JAR a été analysé pour trouver des TLDs mais il n'en contenait pas, le mode "debug" du journal peut être activé pour obtenir une liste complète de JAR scannés sans succès ; éviter d'analyser des JARs inutilement peut améliorer sensiblement le temps de démarrage et le temps de compilation des JSPs
05-Sep-2022 16:18:39.416 INFO [http-nio-8080-exec-30] org.apache.catalina.core.StandardContext.reload Le rechargement de ce contexte est terminé
05-Sep-2022 16:22:36.136 INFO [http-nio-8080-exec-33] org.apache.catalina.core.StandardContext.reload Le rechargement du contexte [/normanzik] a démarré
05-Sep-2022 16:22:36.136 WARNING [http-nio-8080-exec-33] org.apache.catalina.loader.WebappClassLoaderBase.clearReferencesJdbc L'application web [normanzik] a enregistré un pilote JDBC [org.mariadb.jdbc.Driver], mais ne l'a pas désenregistré avant l'arrêt de l'application.  Pour éviter une fuite de mémoire, le pilote JDBC a été désenregistré de force.
05-Sep-2022 16:22:36.246 INFO [http-nio-8080-exec-33] org.apache.jasper.servlet.TldScanner.scanJars Au moins un fichier JAR a été analysé pour trouver des TLDs mais il n'en contenait pas, le mode "debug" du journal peut être activé pour obtenir une liste complète de JAR scannés sans succès ; éviter d'analyser des JARs inutilement peut améliorer sensiblement le temps de démarrage et le temps de compilation des JSPs
05-Sep-2022 16:22:36.292 INFO [http-nio-8080-exec-33] org.apache.catalina.core.StandardContext.reload Le rechargement de ce contexte est terminé
05-Sep-2022 16:22:36.386 INFO [http-nio-8080-exec-35] org.apache.catalina.core.StandardContext.reload Le rechargement du contexte [/normanzik] a démarré
05-Sep-2022 16:22:36.386 WARNING [http-nio-8080-exec-35] org.apache.catalina.loader.WebappClassLoaderBase.clearReferencesJdbc L'application web [normanzik] a enregistré un pilote JDBC [org.mariadb.jdbc.Driver], mais ne l'a pas désenregistré avant l'arrêt de l'application.  Pour éviter une fuite de mémoire, le pilote JDBC a été désenregistré de force.
05-Sep-2022 16:22:36.480 INFO [http-nio-8080-exec-35] org.apache.jasper.servlet.TldScanner.scanJars Au moins un fichier JAR a été analysé pour trouver des TLDs mais il n'en contenait pas, le mode "debug" du journal peut être activé pour obtenir une liste complète de JAR scannés sans succès ; éviter d'analyser des JARs inutilement peut améliorer sensiblement le temps de démarrage et le temps de compilation des JSPs
05-Sep-2022 16:22:36.527 INFO [http-nio-8080-exec-35] org.apache.catalina.core.StandardContext.reload Le rechargement de ce contexte est terminé
05-Sep-2022 16:25:02.595 INFO [http-nio-8080-exec-24] org.apache.catalina.core.StandardContext.reload Le rechargement du contexte [/normanzik] a démarré
05-Sep-2022 16:25:02.611 WARNING [http-nio-8080-exec-24] org.apache.catalina.loader.WebappClassLoaderBase.clearReferencesJdbc L'application web [normanzik] a enregistré un pilote JDBC [org.mariadb.jdbc.Driver], mais ne l'a pas désenregistré avant l'arrêt de l'application.  Pour éviter une fuite de mémoire, le pilote JDBC a été désenregistré de force.
05-Sep-2022 16:25:02.736 INFO [http-nio-8080-exec-24] org.apache.jasper.servlet.TldScanner.scanJars Au moins un fichier JAR a été analysé pour trouver des TLDs mais il n'en contenait pas, le mode "debug" du journal peut être activé pour obtenir une liste complète de JAR scannés sans succès ; éviter d'analyser des JARs inutilement peut améliorer sensiblement le temps de démarrage et le temps de compilation des JSPs
05-Sep-2022 16:25:02.783 INFO [http-nio-8080-exec-24] org.apache.catalina.core.StandardContext.reload Le rechargement de ce contexte est terminé
05-Sep-2022 16:25:02.861 INFO [http-nio-8080-exec-33] org.apache.catalina.core.StandardContext.reload Le rechargement du contexte [/normanzik] a démarré
05-Sep-2022 16:25:02.877 WARNING [http-nio-8080-exec-33] org.apache.catalina.loader.WebappClassLoaderBase.clearReferencesJdbc L'application web [normanzik] a enregistré un pilote JDBC [org.mariadb.jdbc.Driver], mais ne l'a pas désenregistré avant l'arrêt de l'application.  Pour éviter une fuite de mémoire, le pilote JDBC a été désenregistré de force.
05-Sep-2022 16:25:02.970 INFO [http-nio-8080-exec-33] org.apache.jasper.servlet.TldScanner.scanJars Au moins un fichier JAR a été analysé pour trouver des TLDs mais il n'en contenait pas, le mode "debug" du journal peut être activé pour obtenir une liste complète de JAR scannés sans succès ; éviter d'analyser des JARs inutilement peut améliorer sensiblement le temps de démarrage et le temps de compilation des JSPs
05-Sep-2022 16:25:03.017 INFO [http-nio-8080-exec-33] org.apache.catalina.core.StandardContext.reload Le rechargement de ce contexte est terminé
05-Sep-2022 16:25:14.479 INFO [http-nio-8080-exec-41] org.apache.catalina.core.StandardContext.reload Le rechargement du contexte [/normanzik] a démarré
05-Sep-2022 16:25:14.494 WARNING [http-nio-8080-exec-41] org.apache.catalina.loader.WebappClassLoaderBase.clearReferencesJdbc L'application web [normanzik] a enregistré un pilote JDBC [org.mariadb.jdbc.Driver], mais ne l'a pas désenregistré avant l'arrêt de l'application.  Pour éviter une fuite de mémoire, le pilote JDBC a été désenregistré de force.
05-Sep-2022 16:25:14.588 INFO [http-nio-8080-exec-41] org.apache.jasper.servlet.TldScanner.scanJars Au moins un fichier JAR a été analysé pour trouver des TLDs mais il n'en contenait pas, le mode "debug" du journal peut être activé pour obtenir une liste complète de JAR scannés sans succès ; éviter d'analyser des JARs inutilement peut améliorer sensiblement le temps de démarrage et le temps de compilation des JSPs
05-Sep-2022 16:25:14.635 INFO [http-nio-8080-exec-41] org.apache.catalina.core.StandardContext.reload Le rechargement de ce contexte est terminé
05-Sep-2022 16:25:14.996 INFO [http-nio-8080-exec-36] org.apache.catalina.core.StandardContext.reload Le rechargement du contexte [/normanzik] a démarré
05-Sep-2022 16:25:15.011 WARNING [http-nio-8080-exec-36] org.apache.catalina.loader.WebappClassLoaderBase.clearReferencesJdbc L'application web [normanzik] a enregistré un pilote JDBC [org.mariadb.jdbc.Driver], mais ne l'a pas désenregistré avant l'arrêt de l'application.  Pour éviter une fuite de mémoire, le pilote JDBC a été désenregistré de force.
05-Sep-2022 16:25:15.105 INFO [http-nio-8080-exec-36] org.apache.jasper.servlet.TldScanner.scanJars Au moins un fichier JAR a été analysé pour trouver des TLDs mais il n'en contenait pas, le mode "debug" du journal peut être activé pour obtenir une liste complète de JAR scannés sans succès ; éviter d'analyser des JARs inutilement peut améliorer sensiblement le temps de démarrage et le temps de compilation des JSPs
05-Sep-2022 16:25:15.152 INFO [http-nio-8080-exec-36] org.apache.catalina.core.StandardContext.reload Le rechargement de ce contexte est terminé
05-Sep-2022 16:30:24.983 INFO [http-nio-8080-exec-46] org.apache.catalina.core.StandardContext.reload Le rechargement du contexte [/normanzik] a démarré
05-Sep-2022 16:30:24.995 WARNING [http-nio-8080-exec-46] org.apache.catalina.loader.WebappClassLoaderBase.clearReferencesJdbc L'application web [normanzik] a enregistré un pilote JDBC [org.mariadb.jdbc.Driver], mais ne l'a pas désenregistré avant l'arrêt de l'application.  Pour éviter une fuite de mémoire, le pilote JDBC a été désenregistré de force.
05-Sep-2022 16:30:25.092 INFO [http-nio-8080-exec-46] org.apache.jasper.servlet.TldScanner.scanJars Au moins un fichier JAR a été analysé pour trouver des TLDs mais il n'en contenait pas, le mode "debug" du journal peut être activé pour obtenir une liste complète de JAR scannés sans succès ; éviter d'analyser des JARs inutilement peut améliorer sensiblement le temps de démarrage et le temps de compilation des JSPs
05-Sep-2022 16:30:25.139 INFO [http-nio-8080-exec-46] org.apache.catalina.core.StandardContext.reload Le rechargement de ce contexte est terminé
05-Sep-2022 16:30:46.495 INFO [http-nio-8080-exec-47] org.apache.catalina.core.StandardContext.reload Le rechargement du contexte [/normanzik] a démarré
05-Sep-2022 16:30:46.507 WARNING [http-nio-8080-exec-47] org.apache.catalina.loader.WebappClassLoaderBase.clearReferencesJdbc L'application web [normanzik] a enregistré un pilote JDBC [org.mariadb.jdbc.Driver], mais ne l'a pas désenregistré avant l'arrêt de l'application.  Pour éviter une fuite de mémoire, le pilote JDBC a été désenregistré de force.
05-Sep-2022 16:30:46.595 INFO [http-nio-8080-exec-47] org.apache.jasper.servlet.TldScanner.scanJars Au moins un fichier JAR a été analysé pour trouver des TLDs mais il n'en contenait pas, le mode "debug" du journal peut être activé pour obtenir une liste complète de JAR scannés sans succès ; éviter d'analyser des JARs inutilement peut améliorer sensiblement le temps de démarrage et le temps de compilation des JSPs
05-Sep-2022 16:30:46.638 INFO [http-nio-8080-exec-47] org.apache.catalina.core.StandardContext.reload Le rechargement de ce contexte est terminé
05-Sep-2022 16:34:02.513 INFO [http-nio-8080-exec-36] org.apache.catalina.core.StandardContext.reload Le rechargement du contexte [/normanzik] a démarré
05-Sep-2022 16:34:02.524 WARNING [http-nio-8080-exec-36] org.apache.catalina.loader.WebappClassLoaderBase.clearReferencesJdbc L'application web [normanzik] a enregistré un pilote JDBC [org.mariadb.jdbc.Driver], mais ne l'a pas désenregistré avant l'arrêt de l'application.  Pour éviter une fuite de mémoire, le pilote JDBC a été désenregistré de force.
05-Sep-2022 16:34:02.615 INFO [http-nio-8080-exec-36] org.apache.jasper.servlet.TldScanner.scanJars Au moins un fichier JAR a été analysé pour trouver des TLDs mais il n'en contenait pas, le mode "debug" du journal peut être activé pour obtenir une liste complète de JAR scannés sans succès ; éviter d'analyser des JARs inutilement peut améliorer sensiblement le temps de démarrage et le temps de compilation des JSPs
05-Sep-2022 16:34:02.658 INFO [http-nio-8080-exec-36] org.apache.catalina.core.StandardContext.reload Le rechargement de ce contexte est terminé
05-Sep-2022 16:34:11.120 INFO [http-nio-8080-exec-48] org.apache.catalina.core.StandardContext.reload Le rechargement du contexte [/normanzik] a démarré
05-Sep-2022 16:34:11.131 WARNING [http-nio-8080-exec-48] org.apache.catalina.loader.WebappClassLoaderBase.clearReferencesJdbc L'application web [normanzik] a enregistré un pilote JDBC [org.mariadb.jdbc.Driver], mais ne l'a pas désenregistré avant l'arrêt de l'application.  Pour éviter une fuite de mémoire, le pilote JDBC a été désenregistré de force.
05-Sep-2022 16:34:11.226 INFO [http-nio-8080-exec-48] org.apache.jasper.servlet.TldScanner.scanJars Au moins un fichier JAR a été analysé pour trouver des TLDs mais il n'en contenait pas, le mode "debug" du journal peut être activé pour obtenir une liste complète de JAR scannés sans succès ; éviter d'analyser des JARs inutilement peut améliorer sensiblement le temps de démarrage et le temps de compilation des JSPs
05-Sep-2022 16:34:11.278 INFO [http-nio-8080-exec-48] org.apache.catalina.core.StandardContext.reload Le rechargement de ce contexte est terminé
05-Sep-2022 16:34:11.364 INFO [http-nio-8080-exec-54] org.apache.catalina.core.StandardContext.reload Le rechargement du contexte [/normanzik] a démarré
05-Sep-2022 16:34:11.375 WARNING [http-nio-8080-exec-54] org.apache.catalina.loader.WebappClassLoaderBase.clearReferencesJdbc L'application web [normanzik] a enregistré un pilote JDBC [org.mariadb.jdbc.Driver], mais ne l'a pas désenregistré avant l'arrêt de l'application.  Pour éviter une fuite de mémoire, le pilote JDBC a été désenregistré de force.
05-Sep-2022 16:34:11.473 INFO [http-nio-8080-exec-54] org.apache.jasper.servlet.TldScanner.scanJars Au moins un fichier JAR a été analysé pour trouver des TLDs mais il n'en contenait pas, le mode "debug" du journal peut être activé pour obtenir une liste complète de JAR scannés sans succès ; éviter d'analyser des JARs inutilement peut améliorer sensiblement le temps de démarrage et le temps de compilation des JSPs
05-Sep-2022 16:34:11.522 INFO [http-nio-8080-exec-54] org.apache.catalina.core.StandardContext.reload Le rechargement de ce contexte est terminé
05-Sep-2022 16:36:08.347 INFO [http-nio-8080-exec-53] org.apache.catalina.core.StandardContext.reload Le rechargement du contexte [/normanzik] a démarré
05-Sep-2022 16:36:08.359 WARNING [http-nio-8080-exec-53] org.apache.catalina.loader.WebappClassLoaderBase.clearReferencesJdbc L'application web [normanzik] a enregistré un pilote JDBC [org.mariadb.jdbc.Driver], mais ne l'a pas désenregistré avant l'arrêt de l'application.  Pour éviter une fuite de mémoire, le pilote JDBC a été désenregistré de force.
05-Sep-2022 16:36:08.447 INFO [http-nio-8080-exec-53] org.apache.jasper.servlet.TldScanner.scanJars Au moins un fichier JAR a été analysé pour trouver des TLDs mais il n'en contenait pas, le mode "debug" du journal peut être activé pour obtenir une liste complète de JAR scannés sans succès ; éviter d'analyser des JARs inutilement peut améliorer sensiblement le temps de démarrage et le temps de compilation des JSPs
05-Sep-2022 16:36:08.489 INFO [http-nio-8080-exec-53] org.apache.catalina.core.StandardContext.reload Le rechargement de ce contexte est terminé
05-Sep-2022 16:37:07.631 INFO [http-nio-8080-exec-50] org.apache.catalina.core.StandardContext.reload Le rechargement du contexte [/normanzik] a démarré
05-Sep-2022 16:37:07.642 WARNING [http-nio-8080-exec-50] org.apache.catalina.loader.WebappClassLoaderBase.clearReferencesJdbc L'application web [normanzik] a enregistré un pilote JDBC [org.mariadb.jdbc.Driver], mais ne l'a pas désenregistré avant l'arrêt de l'application.  Pour éviter une fuite de mémoire, le pilote JDBC a été désenregistré de force.
05-Sep-2022 16:37:07.731 INFO [http-nio-8080-exec-50] org.apache.jasper.servlet.TldScanner.scanJars Au moins un fichier JAR a été analysé pour trouver des TLDs mais il n'en contenait pas, le mode "debug" du journal peut être activé pour obtenir une liste complète de JAR scannés sans succès ; éviter d'analyser des JARs inutilement peut améliorer sensiblement le temps de démarrage et le temps de compilation des JSPs
05-Sep-2022 16:37:07.773 INFO [http-nio-8080-exec-50] org.apache.catalina.core.StandardContext.reload Le rechargement de ce contexte est terminé
05-Sep-2022 16:37:15.961 INFO [http-nio-8080-exec-47] org.apache.catalina.core.StandardContext.reload Le rechargement du contexte [/normanzik] a démarré
05-Sep-2022 16:37:15.972 WARNING [http-nio-8080-exec-47] org.apache.catalina.loader.WebappClassLoaderBase.clearReferencesJdbc L'application web [normanzik] a enregistré un pilote JDBC [org.mariadb.jdbc.Driver], mais ne l'a pas désenregistré avant l'arrêt de l'application.  Pour éviter une fuite de mémoire, le pilote JDBC a été désenregistré de force.
05-Sep-2022 16:37:16.067 INFO [http-nio-8080-exec-47] org.apache.jasper.servlet.TldScanner.scanJars Au moins un fichier JAR a été analysé pour trouver des TLDs mais il n'en contenait pas, le mode "debug" du journal peut être activé pour obtenir une liste complète de JAR scannés sans succès ; éviter d'analyser des JARs inutilement peut améliorer sensiblement le temps de démarrage et le temps de compilation des JSPs
05-Sep-2022 16:37:16.121 INFO [http-nio-8080-exec-47] org.apache.catalina.core.StandardContext.reload Le rechargement de ce contexte est terminé
05-Sep-2022 16:37:16.212 INFO [http-nio-8080-exec-56] org.apache.catalina.core.StandardContext.reload Le rechargement du contexte [/normanzik] a démarré
05-Sep-2022 16:37:16.222 WARNING [http-nio-8080-exec-56] org.apache.catalina.loader.WebappClassLoaderBase.clearReferencesJdbc L'application web [normanzik] a enregistré un pilote JDBC [org.mariadb.jdbc.Driver], mais ne l'a pas désenregistré avant l'arrêt de l'application.  Pour éviter une fuite de mémoire, le pilote JDBC a été désenregistré de force.
05-Sep-2022 16:37:16.323 INFO [http-nio-8080-exec-56] org.apache.jasper.servlet.TldScanner.scanJars Au moins un fichier JAR a été analysé pour trouver des TLDs mais il n'en contenait pas, le mode "debug" du journal peut être activé pour obtenir une liste complète de JAR scannés sans succès ; éviter d'analyser des JARs inutilement peut améliorer sensiblement le temps de démarrage et le temps de compilation des JSPs
05-Sep-2022 16:37:16.374 INFO [http-nio-8080-exec-56] org.apache.catalina.core.StandardContext.reload Le rechargement de ce contexte est terminé
05-Sep-2022 16:37:56.814 INFO [http-nio-8080-exec-58] org.apache.catalina.core.StandardContext.reload Le rechargement du contexte [/normanzik] a démarré
05-Sep-2022 16:37:56.825 WARNING [http-nio-8080-exec-58] org.apache.catalina.loader.WebappClassLoaderBase.clearReferencesJdbc L'application web [normanzik] a enregistré un pilote JDBC [org.mariadb.jdbc.Driver], mais ne l'a pas désenregistré avant l'arrêt de l'application.  Pour éviter une fuite de mémoire, le pilote JDBC a été désenregistré de force.
05-Sep-2022 16:37:56.922 INFO [http-nio-8080-exec-58] org.apache.jasper.servlet.TldScanner.scanJars Au moins un fichier JAR a été analysé pour trouver des TLDs mais il n'en contenait pas, le mode "debug" du journal peut être activé pour obtenir une liste complète de JAR scannés sans succès ; éviter d'analyser des JARs inutilement peut améliorer sensiblement le temps de démarrage et le temps de compilation des JSPs
05-Sep-2022 16:37:56.971 INFO [http-nio-8080-exec-58] org.apache.catalina.core.StandardContext.reload Le rechargement de ce contexte est terminé
05-Sep-2022 16:37:57.311 INFO [http-nio-8080-exec-54] org.apache.catalina.core.StandardContext.reload Le rechargement du contexte [/normanzik] a démarré
05-Sep-2022 16:37:57.320 WARNING [http-nio-8080-exec-54] org.apache.catalina.loader.WebappClassLoaderBase.clearReferencesJdbc L'application web [normanzik] a enregistré un pilote JDBC [org.mariadb.jdbc.Driver], mais ne l'a pas désenregistré avant l'arrêt de l'application.  Pour éviter une fuite de mémoire, le pilote JDBC a été désenregistré de force.
05-Sep-2022 16:37:57.406 INFO [http-nio-8080-exec-54] org.apache.jasper.servlet.TldScanner.scanJars Au moins un fichier JAR a été analysé pour trouver des TLDs mais il n'en contenait pas, le mode "debug" du journal peut être activé pour obtenir une liste complète de JAR scannés sans succès ; éviter d'analyser des JARs inutilement peut améliorer sensiblement le temps de démarrage et le temps de compilation des JSPs
05-Sep-2022 16:37:57.447 INFO [http-nio-8080-exec-54] org.apache.catalina.core.StandardContext.reload Le rechargement de ce contexte est terminé
05-Sep-2022 16:39:46.170 INFO [http-nio-8080-exec-52] org.apache.catalina.core.StandardContext.reload Le rechargement du contexte [/normanzik] a démarré
05-Sep-2022 16:39:46.182 WARNING [http-nio-8080-exec-52] org.apache.catalina.loader.WebappClassLoaderBase.clearReferencesJdbc L'application web [normanzik] a enregistré un pilote JDBC [org.mariadb.jdbc.Driver], mais ne l'a pas désenregistré avant l'arrêt de l'application.  Pour éviter une fuite de mémoire, le pilote JDBC a été désenregistré de force.
05-Sep-2022 16:39:46.275 INFO [http-nio-8080-exec-52] org.apache.jasper.servlet.TldScanner.scanJars Au moins un fichier JAR a été analysé pour trouver des TLDs mais il n'en contenait pas, le mode "debug" du journal peut être activé pour obtenir une liste complète de JAR scannés sans succès ; éviter d'analyser des JARs inutilement peut améliorer sensiblement le temps de démarrage et le temps de compilation des JSPs
05-Sep-2022 16:39:46.319 INFO [http-nio-8080-exec-52] org.apache.catalina.core.StandardContext.reload Le rechargement de ce contexte est terminé
05-Sep-2022 16:40:12.203 INFO [http-nio-8080-exec-58] org.apache.catalina.core.StandardContext.reload Le rechargement du contexte [/normanzik] a démarré
05-Sep-2022 16:40:12.215 WARNING [http-nio-8080-exec-58] org.apache.catalina.loader.WebappClassLoaderBase.clearReferencesJdbc L'application web [normanzik] a enregistré un pilote JDBC [org.mariadb.jdbc.Driver], mais ne l'a pas désenregistré avant l'arrêt de l'application.  Pour éviter une fuite de mémoire, le pilote JDBC a été désenregistré de force.
05-Sep-2022 16:40:12.303 INFO [http-nio-8080-exec-58] org.apache.jasper.servlet.TldScanner.scanJars Au moins un fichier JAR a été analysé pour trouver des TLDs mais il n'en contenait pas, le mode "debug" du journal peut être activé pour obtenir une liste complète de JAR scannés sans succès ; éviter d'analyser des JARs inutilement peut améliorer sensiblement le temps de démarrage et le temps de compilation des JSPs
05-Sep-2022 16:40:12.346 INFO [http-nio-8080-exec-58] org.apache.catalina.core.StandardContext.reload Le rechargement de ce contexte est terminé
05-Sep-2022 16:40:19.164 INFO [http-nio-8080-exec-60] org.apache.catalina.core.StandardContext.reload Le rechargement du contexte [/normanzik] a démarré
05-Sep-2022 16:40:19.175 WARNING [http-nio-8080-exec-60] org.apache.catalina.loader.WebappClassLoaderBase.clearReferencesJdbc L'application web [normanzik] a enregistré un pilote JDBC [org.mariadb.jdbc.Driver], mais ne l'a pas désenregistré avant l'arrêt de l'application.  Pour éviter une fuite de mémoire, le pilote JDBC a été désenregistré de force.
05-Sep-2022 16:40:19.268 INFO [http-nio-8080-exec-60] org.apache.jasper.servlet.TldScanner.scanJars Au moins un fichier JAR a été analysé pour trouver des TLDs mais il n'en contenait pas, le mode "debug" du journal peut être activé pour obtenir une liste complète de JAR scannés sans succès ; éviter d'analyser des JARs inutilement peut améliorer sensiblement le temps de démarrage et le temps de compilation des JSPs
05-Sep-2022 16:40:19.345 INFO [http-nio-8080-exec-60] org.apache.catalina.core.StandardContext.reload Le rechargement de ce contexte est terminé
05-Sep-2022 16:40:19.452 INFO [http-nio-8080-exec-56] org.apache.catalina.core.StandardContext.reload Le rechargement du contexte [/normanzik] a démarré
05-Sep-2022 16:40:19.462 WARNING [http-nio-8080-exec-56] org.apache.catalina.loader.WebappClassLoaderBase.clearReferencesJdbc L'application web [normanzik] a enregistré un pilote JDBC [org.mariadb.jdbc.Driver], mais ne l'a pas désenregistré avant l'arrêt de l'application.  Pour éviter une fuite de mémoire, le pilote JDBC a été désenregistré de force.
05-Sep-2022 16:40:19.554 INFO [http-nio-8080-exec-56] org.apache.jasper.servlet.TldScanner.scanJars Au moins un fichier JAR a été analysé pour trouver des TLDs mais il n'en contenait pas, le mode "debug" du journal peut être activé pour obtenir une liste complète de JAR scannés sans succès ; éviter d'analyser des JARs inutilement peut améliorer sensiblement le temps de démarrage et le temps de compilation des JSPs
05-Sep-2022 16:40:19.607 INFO [http-nio-8080-exec-56] org.apache.catalina.core.StandardContext.reload Le rechargement de ce contexte est terminé
05-Sep-2022 16:40:36.543 INFO [http-nio-8080-exec-62] org.apache.catalina.core.StandardContext.reload Le rechargement du contexte [/normanzik] a démarré
05-Sep-2022 16:40:36.553 WARNING [http-nio-8080-exec-62] org.apache.catalina.loader.WebappClassLoaderBase.clearReferencesJdbc L'application web [normanzik] a enregistré un pilote JDBC [org.mariadb.jdbc.Driver], mais ne l'a pas désenregistré avant l'arrêt de l'application.  Pour éviter une fuite de mémoire, le pilote JDBC a été désenregistré de force.
05-Sep-2022 16:40:36.639 INFO [http-nio-8080-exec-62] org.apache.jasper.servlet.TldScanner.scanJars Au moins un fichier JAR a été analysé pour trouver des TLDs mais il n'en contenait pas, le mode "debug" du journal peut être activé pour obtenir une liste complète de JAR scannés sans succès ; éviter d'analyser des JARs inutilement peut améliorer sensiblement le temps de démarrage et le temps de compilation des JSPs
05-Sep-2022 16:40:36.683 INFO [http-nio-8080-exec-62] org.apache.catalina.core.StandardContext.reload Le rechargement de ce contexte est terminé
05-Sep-2022 16:40:45.532 INFO [http-nio-8080-exec-58] org.apache.catalina.core.StandardContext.reload Le rechargement du contexte [/normanzik] a démarré
05-Sep-2022 16:40:45.543 WARNING [http-nio-8080-exec-58] org.apache.catalina.loader.WebappClassLoaderBase.clearReferencesJdbc L'application web [normanzik] a enregistré un pilote JDBC [org.mariadb.jdbc.Driver], mais ne l'a pas désenregistré avant l'arrêt de l'application.  Pour éviter une fuite de mémoire, le pilote JDBC a été désenregistré de force.
05-Sep-2022 16:40:45.636 INFO [http-nio-8080-exec-58] org.apache.jasper.servlet.TldScanner.scanJars Au moins un fichier JAR a été analysé pour trouver des TLDs mais il n'en contenait pas, le mode "debug" du journal peut être activé pour obtenir une liste complète de JAR scannés sans succès ; éviter d'analyser des JARs inutilement peut améliorer sensiblement le temps de démarrage et le temps de compilation des JSPs
05-Sep-2022 16:40:45.689 INFO [http-nio-8080-exec-58] org.apache.catalina.core.StandardContext.reload Le rechargement de ce contexte est terminé
05-Sep-2022 16:40:45.785 INFO [http-nio-8080-exec-61] org.apache.catalina.core.StandardContext.reload Le rechargement du contexte [/normanzik] a démarré
05-Sep-2022 16:40:45.795 WARNING [http-nio-8080-exec-61] org.apache.catalina.loader.WebappClassLoaderBase.clearReferencesJdbc L'application web [normanzik] a enregistré un pilote JDBC [org.mariadb.jdbc.Driver], mais ne l'a pas désenregistré avant l'arrêt de l'application.  Pour éviter une fuite de mémoire, le pilote JDBC a été désenregistré de force.
05-Sep-2022 16:40:45.889 INFO [http-nio-8080-exec-61] org.apache.jasper.servlet.TldScanner.scanJars Au moins un fichier JAR a été analysé pour trouver des TLDs mais il n'en contenait pas, le mode "debug" du journal peut être activé pour obtenir une liste complète de JAR scannés sans succès ; éviter d'analyser des JARs inutilement peut améliorer sensiblement le temps de démarrage et le temps de compilation des JSPs
05-Sep-2022 16:40:45.937 INFO [http-nio-8080-exec-61] org.apache.catalina.core.StandardContext.reload Le rechargement de ce contexte est terminé
05-Sep-2022 16:42:11.448 INFO [http-nio-8080-exec-58] org.apache.catalina.core.StandardContext.reload Le rechargement du contexte [/normanzik] a démarré
05-Sep-2022 16:42:11.461 WARNING [http-nio-8080-exec-58] org.apache.catalina.loader.WebappClassLoaderBase.clearReferencesJdbc L'application web [normanzik] a enregistré un pilote JDBC [org.mariadb.jdbc.Driver], mais ne l'a pas désenregistré avant l'arrêt de l'application.  Pour éviter une fuite de mémoire, le pilote JDBC a été désenregistré de force.
05-Sep-2022 16:42:11.548 INFO [http-nio-8080-exec-58] org.apache.jasper.servlet.TldScanner.scanJars Au moins un fichier JAR a été analysé pour trouver des TLDs mais il n'en contenait pas, le mode "debug" du journal peut être activé pour obtenir une liste complète de JAR scannés sans succès ; éviter d'analyser des JARs inutilement peut améliorer sensiblement le temps de démarrage et le temps de compilation des JSPs
05-Sep-2022 16:42:11.591 INFO [http-nio-8080-exec-58] org.apache.catalina.core.StandardContext.reload Le rechargement de ce contexte est terminé
05-Sep-2022 16:42:26.408 INFO [http-nio-8080-exec-67] org.apache.catalina.core.StandardContext.reload Le rechargement du contexte [/normanzik] a démarré
05-Sep-2022 16:42:26.420 WARNING [http-nio-8080-exec-67] org.apache.catalina.loader.WebappClassLoaderBase.clearReferencesJdbc L'application web [normanzik] a enregistré un pilote JDBC [org.mariadb.jdbc.Driver], mais ne l'a pas désenregistré avant l'arrêt de l'application.  Pour éviter une fuite de mémoire, le pilote JDBC a été désenregistré de force.
05-Sep-2022 16:42:26.507 INFO [http-nio-8080-exec-67] org.apache.jasper.servlet.TldScanner.scanJars Au moins un fichier JAR a été analysé pour trouver des TLDs mais il n'en contenait pas, le mode "debug" du journal peut être activé pour obtenir une liste complète de JAR scannés sans succès ; éviter d'analyser des JARs inutilement peut améliorer sensiblement le temps de démarrage et le temps de compilation des JSPs
05-Sep-2022 16:42:26.550 INFO [http-nio-8080-exec-67] org.apache.catalina.core.StandardContext.reload Le rechargement de ce contexte est terminé
05-Sep-2022 16:43:16.725 INFO [http-nio-8080-exec-68] org.apache.catalina.core.StandardContext.reload Le rechargement du contexte [/normanzik] a démarré
05-Sep-2022 16:43:16.736 WARNING [http-nio-8080-exec-68] org.apache.catalina.loader.WebappClassLoaderBase.clearReferencesJdbc L'application web [normanzik] a enregistré un pilote JDBC [org.mariadb.jdbc.Driver], mais ne l'a pas désenregistré avant l'arrêt de l'application.  Pour éviter une fuite de mémoire, le pilote JDBC a été désenregistré de force.
05-Sep-2022 16:43:16.828 INFO [http-nio-8080-exec-68] org.apache.jasper.servlet.TldScanner.scanJars Au moins un fichier JAR a été analysé pour trouver des TLDs mais il n'en contenait pas, le mode "debug" du journal peut être activé pour obtenir une liste complète de JAR scannés sans succès ; éviter d'analyser des JARs inutilement peut améliorer sensiblement le temps de démarrage et le temps de compilation des JSPs
05-Sep-2022 16:43:16.885 INFO [http-nio-8080-exec-68] org.apache.catalina.core.StandardContext.reload Le rechargement de ce contexte est terminé
05-Sep-2022 16:43:17.236 INFO [http-nio-8080-exec-56] org.apache.catalina.core.StandardContext.reload Le rechargement du contexte [/normanzik] a démarré
05-Sep-2022 16:43:17.247 WARNING [http-nio-8080-exec-56] org.apache.catalina.loader.WebappClassLoaderBase.clearReferencesJdbc L'application web [normanzik] a enregistré un pilote JDBC [org.mariadb.jdbc.Driver], mais ne l'a pas désenregistré avant l'arrêt de l'application.  Pour éviter une fuite de mémoire, le pilote JDBC a été désenregistré de force.
05-Sep-2022 16:43:17.334 INFO [http-nio-8080-exec-56] org.apache.jasper.servlet.TldScanner.scanJars Au moins un fichier JAR a été analysé pour trouver des TLDs mais il n'en contenait pas, le mode "debug" du journal peut être activé pour obtenir une liste complète de JAR scannés sans succès ; éviter d'analyser des JARs inutilement peut améliorer sensiblement le temps de démarrage et le temps de compilation des JSPs
05-Sep-2022 16:43:17.378 INFO [http-nio-8080-exec-56] org.apache.catalina.core.StandardContext.reload Le rechargement de ce contexte est terminé
05-Sep-2022 16:47:42.426 INFO [http-nio-8080-exec-70] org.apache.catalina.core.StandardContext.reload Le rechargement du contexte [/normanzik] a démarré
05-Sep-2022 16:47:42.426 WARNING [http-nio-8080-exec-70] org.apache.catalina.loader.WebappClassLoaderBase.clearReferencesJdbc L'application web [normanzik] a enregistré un pilote JDBC [org.mariadb.jdbc.Driver], mais ne l'a pas désenregistré avant l'arrêt de l'application.  Pour éviter une fuite de mémoire, le pilote JDBC a été désenregistré de force.
05-Sep-2022 16:47:42.519 INFO [http-nio-8080-exec-70] org.apache.jasper.servlet.TldScanner.scanJars Au moins un fichier JAR a été analysé pour trouver des TLDs mais il n'en contenait pas, le mode "debug" du journal peut être activé pour obtenir une liste complète de JAR scannés sans succès ; éviter d'analyser des JARs inutilement peut améliorer sensiblement le temps de démarrage et le temps de compilation des JSPs
05-Sep-2022 16:47:42.566 INFO [http-nio-8080-exec-70] org.apache.catalina.core.StandardContext.reload Le rechargement de ce contexte est terminé
05-Sep-2022 16:48:15.548 INFO [http-nio-8080-exec-76] org.apache.catalina.core.StandardContext.reload Le rechargement du contexte [/normanzik] a démarré
05-Sep-2022 16:48:15.564 WARNING [http-nio-8080-exec-76] org.apache.catalina.loader.WebappClassLoaderBase.clearReferencesJdbc L'application web [normanzik] a enregistré un pilote JDBC [org.mariadb.jdbc.Driver], mais ne l'a pas désenregistré avant l'arrêt de l'application.  Pour éviter une fuite de mémoire, le pilote JDBC a été désenregistré de force.
05-Sep-2022 16:48:15.657 INFO [http-nio-8080-exec-76] org.apache.jasper.servlet.TldScanner.scanJars Au moins un fichier JAR a été analysé pour trouver des TLDs mais il n'en contenait pas, le mode "debug" du journal peut être activé pour obtenir une liste complète de JAR scannés sans succès ; éviter d'analyser des JARs inutilement peut améliorer sensiblement le temps de démarrage et le temps de compilation des JSPs
05-Sep-2022 16:48:15.704 INFO [http-nio-8080-exec-76] org.apache.catalina.core.StandardContext.reload Le rechargement de ce contexte est terminé
05-Sep-2022 16:48:53.264 INFO [http-nio-8080-exec-73] org.apache.catalina.core.StandardContext.reload Le rechargement du contexte [/normanzik] a démarré
05-Sep-2022 16:48:53.279 WARNING [http-nio-8080-exec-73] org.apache.catalina.loader.WebappClassLoaderBase.clearReferencesJdbc L'application web [normanzik] a enregistré un pilote JDBC [org.mariadb.jdbc.Driver], mais ne l'a pas désenregistré avant l'arrêt de l'application.  Pour éviter une fuite de mémoire, le pilote JDBC a été désenregistré de force.
05-Sep-2022 16:48:53.373 INFO [http-nio-8080-exec-73] org.apache.jasper.servlet.TldScanner.scanJars Au moins un fichier JAR a été analysé pour trouver des TLDs mais il n'en contenait pas, le mode "debug" du journal peut être activé pour obtenir une liste complète de JAR scannés sans succès ; éviter d'analyser des JARs inutilement peut améliorer sensiblement le temps de démarrage et le temps de compilation des JSPs
05-Sep-2022 16:48:53.420 INFO [http-nio-8080-exec-73] org.apache.catalina.core.StandardContext.reload Le rechargement de ce contexte est terminé
05-Sep-2022 16:48:53.788 INFO [http-nio-8080-exec-76] org.apache.catalina.core.StandardContext.reload Le rechargement du contexte [/normanzik] a démarré
05-Sep-2022 16:48:53.792 WARNING [http-nio-8080-exec-76] org.apache.catalina.loader.WebappClassLoaderBase.clearReferencesJdbc L'application web [normanzik] a enregistré un pilote JDBC [org.mariadb.jdbc.Driver], mais ne l'a pas désenregistré avant l'arrêt de l'application.  Pour éviter une fuite de mémoire, le pilote JDBC a été désenregistré de force.
05-Sep-2022 16:48:53.870 INFO [http-nio-8080-exec-76] org.apache.jasper.servlet.TldScanner.scanJars Au moins un fichier JAR a été analysé pour trouver des TLDs mais il n'en contenait pas, le mode "debug" du journal peut être activé pour obtenir une liste complète de JAR scannés sans succès ; éviter d'analyser des JARs inutilement peut améliorer sensiblement le temps de démarrage et le temps de compilation des JSPs
05-Sep-2022 16:48:53.917 INFO [http-nio-8080-exec-76] org.apache.catalina.core.StandardContext.reload Le rechargement de ce contexte est terminé
05-Sep-2022 16:50:16.691 INFO [http-nio-8080-exec-73] org.apache.catalina.core.StandardContext.reload Le rechargement du contexte [/normanzik] a démarré
05-Sep-2022 16:50:16.706 WARNING [http-nio-8080-exec-73] org.apache.catalina.loader.WebappClassLoaderBase.clearReferencesJdbc L'application web [normanzik] a enregistré un pilote JDBC [org.mariadb.jdbc.Driver], mais ne l'a pas désenregistré avant l'arrêt de l'application.  Pour éviter une fuite de mémoire, le pilote JDBC a été désenregistré de force.
05-Sep-2022 16:50:16.800 INFO [http-nio-8080-exec-73] org.apache.jasper.servlet.TldScanner.scanJars Au moins un fichier JAR a été analysé pour trouver des TLDs mais il n'en contenait pas, le mode "debug" du journal peut être activé pour obtenir une liste complète de JAR scannés sans succès ; éviter d'analyser des JARs inutilement peut améliorer sensiblement le temps de démarrage et le temps de compilation des JSPs
05-Sep-2022 16:50:16.831 INFO [http-nio-8080-exec-73] org.apache.catalina.core.StandardContext.reload Le rechargement de ce contexte est terminé
05-Sep-2022 16:52:18.109 INFO [http-nio-8080-exec-82] org.apache.catalina.core.StandardContext.reload Le rechargement du contexte [/normanzik] a démarré
05-Sep-2022 16:52:18.125 WARNING [http-nio-8080-exec-82] org.apache.catalina.loader.WebappClassLoaderBase.clearReferencesJdbc L'application web [normanzik] a enregistré un pilote JDBC [org.mariadb.jdbc.Driver], mais ne l'a pas désenregistré avant l'arrêt de l'application.  Pour éviter une fuite de mémoire, le pilote JDBC a été désenregistré de force.
05-Sep-2022 16:52:18.219 INFO [http-nio-8080-exec-82] org.apache.jasper.servlet.TldScanner.scanJars Au moins un fichier JAR a été analysé pour trouver des TLDs mais il n'en contenait pas, le mode "debug" du journal peut être activé pour obtenir une liste complète de JAR scannés sans succès ; éviter d'analyser des JARs inutilement peut améliorer sensiblement le temps de démarrage et le temps de compilation des JSPs
05-Sep-2022 16:52:18.266 INFO [http-nio-8080-exec-82] org.apache.catalina.core.StandardContext.reload Le rechargement de ce contexte est terminé
05-Sep-2022 16:52:18.387 INFO [http-nio-8080-exec-72] org.apache.catalina.core.StandardContext.reload Le rechargement du contexte [/normanzik] a démarré
05-Sep-2022 16:52:18.403 WARNING [http-nio-8080-exec-72] org.apache.catalina.loader.WebappClassLoaderBase.clearReferencesJdbc L'application web [normanzik] a enregistré un pilote JDBC [org.mariadb.jdbc.Driver], mais ne l'a pas désenregistré avant l'arrêt de l'application.  Pour éviter une fuite de mémoire, le pilote JDBC a été désenregistré de force.
05-Sep-2022 16:52:18.496 INFO [http-nio-8080-exec-72] org.apache.jasper.servlet.TldScanner.scanJars Au moins un fichier JAR a été analysé pour trouver des TLDs mais il n'en contenait pas, le mode "debug" du journal peut être activé pour obtenir une liste complète de JAR scannés sans succès ; éviter d'analyser des JARs inutilement peut améliorer sensiblement le temps de démarrage et le temps de compilation des JSPs
05-Sep-2022 16:52:18.543 INFO [http-nio-8080-exec-72] org.apache.catalina.core.StandardContext.reload Le rechargement de ce contexte est terminé
05-Sep-2022 16:52:36.280 INFO [http-nio-8080-exec-78] org.apache.catalina.core.StandardContext.reload Le rechargement du contexte [/normanzik] a démarré
05-Sep-2022 16:52:36.295 WARNING [http-nio-8080-exec-78] org.apache.catalina.loader.WebappClassLoaderBase.clearReferencesJdbc L'application web [normanzik] a enregistré un pilote JDBC [org.mariadb.jdbc.Driver], mais ne l'a pas désenregistré avant l'arrêt de l'application.  Pour éviter une fuite de mémoire, le pilote JDBC a été désenregistré de force.
05-Sep-2022 16:52:36.389 INFO [http-nio-8080-exec-78] org.apache.jasper.servlet.TldScanner.scanJars Au moins un fichier JAR a été analysé pour trouver des TLDs mais il n'en contenait pas, le mode "debug" du journal peut être activé pour obtenir une liste complète de JAR scannés sans succès ; éviter d'analyser des JARs inutilement peut améliorer sensiblement le temps de démarrage et le temps de compilation des JSPs
05-Sep-2022 16:52:36.436 INFO [http-nio-8080-exec-78] org.apache.catalina.core.StandardContext.reload Le rechargement de ce contexte est terminé
05-Sep-2022 16:52:36.766 INFO [http-nio-8080-exec-86] org.apache.catalina.core.StandardContext.reload Le rechargement du contexte [/normanzik] a démarré
05-Sep-2022 16:52:36.782 WARNING [http-nio-8080-exec-86] org.apache.catalina.loader.WebappClassLoaderBase.clearReferencesJdbc L'application web [normanzik] a enregistré un pilote JDBC [org.mariadb.jdbc.Driver], mais ne l'a pas désenregistré avant l'arrêt de l'application.  Pour éviter une fuite de mémoire, le pilote JDBC a été désenregistré de force.
05-Sep-2022 16:52:36.860 INFO [http-nio-8080-exec-86] org.apache.jasper.servlet.TldScanner.scanJars Au moins un fichier JAR a été analysé pour trouver des TLDs mais il n'en contenait pas, le mode "debug" du journal peut être activé pour obtenir une liste complète de JAR scannés sans succès ; éviter d'analyser des JARs inutilement peut améliorer sensiblement le temps de démarrage et le temps de compilation des JSPs
05-Sep-2022 16:52:36.907 INFO [http-nio-8080-exec-86] org.apache.catalina.core.StandardContext.reload Le rechargement de ce contexte est terminé
05-Sep-2022 16:52:48.068 INFO [http-nio-8080-exec-74] org.apache.catalina.core.StandardContext.reload Le rechargement du contexte [/normanzik] a démarré
05-Sep-2022 16:52:48.084 WARNING [http-nio-8080-exec-74] org.apache.catalina.loader.WebappClassLoaderBase.clearReferencesJdbc L'application web [normanzik] a enregistré un pilote JDBC [org.mariadb.jdbc.Driver], mais ne l'a pas désenregistré avant l'arrêt de l'application.  Pour éviter une fuite de mémoire, le pilote JDBC a été désenregistré de force.
05-Sep-2022 16:52:48.193 INFO [http-nio-8080-exec-74] org.apache.jasper.servlet.TldScanner.scanJars Au moins un fichier JAR a été analysé pour trouver des TLDs mais il n'en contenait pas, le mode "debug" du journal peut être activé pour obtenir une liste complète de JAR scannés sans succès ; éviter d'analyser des JARs inutilement peut améliorer sensiblement le temps de démarrage et le temps de compilation des JSPs
05-Sep-2022 16:52:48.240 INFO [http-nio-8080-exec-74] org.apache.catalina.core.StandardContext.reload Le rechargement de ce contexte est terminé
05-Sep-2022 16:52:52.390 INFO [http-nio-8080-exec-87] org.apache.catalina.core.StandardContext.reload Le rechargement du contexte [/normanzik] a démarré
05-Sep-2022 16:52:52.390 WARNING [http-nio-8080-exec-87] org.apache.catalina.loader.WebappClassLoaderBase.clearReferencesJdbc L'application web [normanzik] a enregistré un pilote JDBC [org.mariadb.jdbc.Driver], mais ne l'a pas désenregistré avant l'arrêt de l'application.  Pour éviter une fuite de mémoire, le pilote JDBC a été désenregistré de force.
05-Sep-2022 16:52:52.484 INFO [http-nio-8080-exec-87] org.apache.jasper.servlet.TldScanner.scanJars Au moins un fichier JAR a été analysé pour trouver des TLDs mais il n'en contenait pas, le mode "debug" du journal peut être activé pour obtenir une liste complète de JAR scannés sans succès ; éviter d'analyser des JARs inutilement peut améliorer sensiblement le temps de démarrage et le temps de compilation des JSPs
05-Sep-2022 16:52:52.530 INFO [http-nio-8080-exec-87] org.apache.catalina.core.StandardContext.reload Le rechargement de ce contexte est terminé
05-Sep-2022 16:52:52.876 INFO [http-nio-8080-exec-78] org.apache.catalina.core.StandardContext.reload Le rechargement du contexte [/normanzik] a démarré
05-Sep-2022 16:52:52.892 WARNING [http-nio-8080-exec-78] org.apache.catalina.loader.WebappClassLoaderBase.clearReferencesJdbc L'application web [normanzik] a enregistré un pilote JDBC [org.mariadb.jdbc.Driver], mais ne l'a pas désenregistré avant l'arrêt de l'application.  Pour éviter une fuite de mémoire, le pilote JDBC a été désenregistré de force.
05-Sep-2022 16:52:52.986 INFO [http-nio-8080-exec-78] org.apache.jasper.servlet.TldScanner.scanJars Au moins un fichier JAR a été analysé pour trouver des TLDs mais il n'en contenait pas, le mode "debug" du journal peut être activé pour obtenir une liste complète de JAR scannés sans succès ; éviter d'analyser des JARs inutilement peut améliorer sensiblement le temps de démarrage et le temps de compilation des JSPs
05-Sep-2022 16:52:53.017 INFO [http-nio-8080-exec-78] org.apache.catalina.core.StandardContext.reload Le rechargement de ce contexte est terminé
05-Sep-2022 16:53:34.807 INFO [http-nio-8080-exec-88] org.apache.catalina.core.StandardContext.reload Le rechargement du contexte [/normanzik] a démarré
05-Sep-2022 16:53:34.822 WARNING [http-nio-8080-exec-88] org.apache.catalina.loader.WebappClassLoaderBase.clearReferencesJdbc L'application web [normanzik] a enregistré un pilote JDBC [org.mariadb.jdbc.Driver], mais ne l'a pas désenregistré avant l'arrêt de l'application.  Pour éviter une fuite de mémoire, le pilote JDBC a été désenregistré de force.
05-Sep-2022 16:53:34.932 INFO [http-nio-8080-exec-88] org.apache.jasper.servlet.TldScanner.scanJars Au moins un fichier JAR a été analysé pour trouver des TLDs mais il n'en contenait pas, le mode "debug" du journal peut être activé pour obtenir une liste complète de JAR scannés sans succès ; éviter d'analyser des JARs inutilement peut améliorer sensiblement le temps de démarrage et le temps de compilation des JSPs
05-Sep-2022 16:53:34.979 INFO [http-nio-8080-exec-88] org.apache.catalina.core.StandardContext.reload Le rechargement de ce contexte est terminé
05-Sep-2022 16:53:35.057 INFO [http-nio-8080-exec-74] org.apache.catalina.core.StandardContext.reload Le rechargement du contexte [/normanzik] a démarré
05-Sep-2022 16:53:35.072 WARNING [http-nio-8080-exec-74] org.apache.catalina.loader.WebappClassLoaderBase.clearReferencesJdbc L'application web [normanzik] a enregistré un pilote JDBC [org.mariadb.jdbc.Driver], mais ne l'a pas désenregistré avant l'arrêt de l'application.  Pour éviter une fuite de mémoire, le pilote JDBC a été désenregistré de force.
05-Sep-2022 16:53:35.166 INFO [http-nio-8080-exec-74] org.apache.jasper.servlet.TldScanner.scanJars Au moins un fichier JAR a été analysé pour trouver des TLDs mais il n'en contenait pas, le mode "debug" du journal peut être activé pour obtenir une liste complète de JAR scannés sans succès ; éviter d'analyser des JARs inutilement peut améliorer sensiblement le temps de démarrage et le temps de compilation des JSPs
05-Sep-2022 16:53:35.213 INFO [http-nio-8080-exec-74] org.apache.catalina.core.StandardContext.reload Le rechargement de ce contexte est terminé
05-Sep-2022 16:53:57.454 INFO [http-nio-8080-exec-87] org.apache.catalina.core.StandardContext.reload Le rechargement du contexte [/normanzik] a démarré
05-Sep-2022 16:53:57.470 WARNING [http-nio-8080-exec-87] org.apache.catalina.loader.WebappClassLoaderBase.clearReferencesJdbc L'application web [normanzik] a enregistré un pilote JDBC [org.mariadb.jdbc.Driver], mais ne l'a pas désenregistré avant l'arrêt de l'application.  Pour éviter une fuite de mémoire, le pilote JDBC a été désenregistré de force.
05-Sep-2022 16:53:57.563 INFO [http-nio-8080-exec-87] org.apache.jasper.servlet.TldScanner.scanJars Au moins un fichier JAR a été analysé pour trouver des TLDs mais il n'en contenait pas, le mode "debug" du journal peut être activé pour obtenir une liste complète de JAR scannés sans succès ; éviter d'analyser des JARs inutilement peut améliorer sensiblement le temps de démarrage et le temps de compilation des JSPs
05-Sep-2022 16:53:57.610 INFO [http-nio-8080-exec-87] org.apache.catalina.core.StandardContext.reload Le rechargement de ce contexte est terminé
05-Sep-2022 16:53:57.950 INFO [http-nio-8080-exec-91] org.apache.catalina.core.StandardContext.reload Le rechargement du contexte [/normanzik] a démarré
05-Sep-2022 16:53:57.966 WARNING [http-nio-8080-exec-91] org.apache.catalina.loader.WebappClassLoaderBase.clearReferencesJdbc L'application web [normanzik] a enregistré un pilote JDBC [org.mariadb.jdbc.Driver], mais ne l'a pas désenregistré avant l'arrêt de l'application.  Pour éviter une fuite de mémoire, le pilote JDBC a été désenregistré de force.
05-Sep-2022 16:53:58.044 INFO [http-nio-8080-exec-91] org.apache.jasper.servlet.TldScanner.scanJars Au moins un fichier JAR a été analysé pour trouver des TLDs mais il n'en contenait pas, le mode "debug" du journal peut être activé pour obtenir une liste complète de JAR scannés sans succès ; éviter d'analyser des JARs inutilement peut améliorer sensiblement le temps de démarrage et le temps de compilation des JSPs
05-Sep-2022 16:53:58.091 INFO [http-nio-8080-exec-91] org.apache.catalina.core.StandardContext.reload Le rechargement de ce contexte est terminé
05-Sep-2022 16:54:50.742 INFO [http-nio-8080-exec-87] org.apache.catalina.core.StandardContext.reload Le rechargement du contexte [/normanzik] a démarré
05-Sep-2022 16:54:50.757 WARNING [http-nio-8080-exec-87] org.apache.catalina.loader.WebappClassLoaderBase.clearReferencesJdbc L'application web [normanzik] a enregistré un pilote JDBC [org.mariadb.jdbc.Driver], mais ne l'a pas désenregistré avant l'arrêt de l'application.  Pour éviter une fuite de mémoire, le pilote JDBC a été désenregistré de force.
05-Sep-2022 16:54:50.835 INFO [http-nio-8080-exec-87] org.apache.jasper.servlet.TldScanner.scanJars Au moins un fichier JAR a été analysé pour trouver des TLDs mais il n'en contenait pas, le mode "debug" du journal peut être activé pour obtenir une liste complète de JAR scannés sans succès ; éviter d'analyser des JARs inutilement peut améliorer sensiblement le temps de démarrage et le temps de compilation des JSPs
05-Sep-2022 16:54:50.882 INFO [http-nio-8080-exec-87] org.apache.catalina.core.StandardContext.reload Le rechargement de ce contexte est terminé
05-Sep-2022 16:55:18.508 INFO [http-nio-8080-exec-94] org.apache.catalina.core.StandardContext.reload Le rechargement du contexte [/normanzik] a démarré
05-Sep-2022 16:55:18.524 WARNING [http-nio-8080-exec-94] org.apache.catalina.loader.WebappClassLoaderBase.clearReferencesJdbc L'application web [normanzik] a enregistré un pilote JDBC [org.mariadb.jdbc.Driver], mais ne l'a pas désenregistré avant l'arrêt de l'application.  Pour éviter une fuite de mémoire, le pilote JDBC a été désenregistré de force.
05-Sep-2022 16:55:18.617 INFO [http-nio-8080-exec-94] org.apache.jasper.servlet.TldScanner.scanJars Au moins un fichier JAR a été analysé pour trouver des TLDs mais il n'en contenait pas, le mode "debug" du journal peut être activé pour obtenir une liste complète de JAR scannés sans succès ; éviter d'analyser des JARs inutilement peut améliorer sensiblement le temps de démarrage et le temps de compilation des JSPs
05-Sep-2022 16:55:18.664 INFO [http-nio-8080-exec-94] org.apache.catalina.core.StandardContext.reload Le rechargement de ce contexte est terminé
05-Sep-2022 16:55:19.000 INFO [http-nio-8080-exec-83] org.apache.catalina.core.StandardContext.reload Le rechargement du contexte [/normanzik] a démarré
05-Sep-2022 16:55:19.016 WARNING [http-nio-8080-exec-83] org.apache.catalina.loader.WebappClassLoaderBase.clearReferencesJdbc L'application web [normanzik] a enregistré un pilote JDBC [org.mariadb.jdbc.Driver], mais ne l'a pas désenregistré avant l'arrêt de l'application.  Pour éviter une fuite de mémoire, le pilote JDBC a été désenregistré de force.
05-Sep-2022 16:55:19.094 INFO [http-nio-8080-exec-83] org.apache.jasper.servlet.TldScanner.scanJars Au moins un fichier JAR a été analysé pour trouver des TLDs mais il n'en contenait pas, le mode "debug" du journal peut être activé pour obtenir une liste complète de JAR scannés sans succès ; éviter d'analyser des JARs inutilement peut améliorer sensiblement le temps de démarrage et le temps de compilation des JSPs
05-Sep-2022 16:55:19.141 INFO [http-nio-8080-exec-83] org.apache.catalina.core.StandardContext.reload Le rechargement de ce contexte est terminé
05-Sep-2022 16:57:52.939 INFO [http-nio-8080-exec-87] org.apache.catalina.core.StandardContext.reload Le rechargement du contexte [/normanzik] a démarré
05-Sep-2022 16:57:52.939 WARNING [http-nio-8080-exec-87] org.apache.catalina.loader.WebappClassLoaderBase.clearReferencesJdbc L'application web [normanzik] a enregistré un pilote JDBC [org.mariadb.jdbc.Driver], mais ne l'a pas désenregistré avant l'arrêt de l'application.  Pour éviter une fuite de mémoire, le pilote JDBC a été désenregistré de force.
05-Sep-2022 16:57:53.033 INFO [http-nio-8080-exec-87] org.apache.jasper.servlet.TldScanner.scanJars Au moins un fichier JAR a été analysé pour trouver des TLDs mais il n'en contenait pas, le mode "debug" du journal peut être activé pour obtenir une liste complète de JAR scannés sans succès ; éviter d'analyser des JARs inutilement peut améliorer sensiblement le temps de démarrage et le temps de compilation des JSPs
05-Sep-2022 16:57:53.080 INFO [http-nio-8080-exec-87] org.apache.catalina.core.StandardContext.reload Le rechargement de ce contexte est terminé
05-Sep-2022 16:57:53.423 INFO [http-nio-8080-exec-91] org.apache.catalina.core.StandardContext.reload Le rechargement du contexte [/normanzik] a démarré
05-Sep-2022 16:57:53.439 WARNING [http-nio-8080-exec-91] org.apache.catalina.loader.WebappClassLoaderBase.clearReferencesJdbc L'application web [normanzik] a enregistré un pilote JDBC [org.mariadb.jdbc.Driver], mais ne l'a pas désenregistré avant l'arrêt de l'application.  Pour éviter une fuite de mémoire, le pilote JDBC a été désenregistré de force.
05-Sep-2022 16:57:53.520 INFO [http-nio-8080-exec-91] org.apache.jasper.servlet.TldScanner.scanJars Au moins un fichier JAR a été analysé pour trouver des TLDs mais il n'en contenait pas, le mode "debug" du journal peut être activé pour obtenir une liste complète de JAR scannés sans succès ; éviter d'analyser des JARs inutilement peut améliorer sensiblement le temps de démarrage et le temps de compilation des JSPs
05-Sep-2022 16:57:53.573 INFO [http-nio-8080-exec-91] org.apache.catalina.core.StandardContext.reload Le rechargement de ce contexte est terminé
05-Sep-2022 16:59:42.469 INFO [http-nio-8080-exec-97] org.apache.catalina.core.StandardContext.reload Le rechargement du contexte [/normanzik] a démarré
05-Sep-2022 16:59:42.485 WARNING [http-nio-8080-exec-97] org.apache.catalina.loader.WebappClassLoaderBase.clearReferencesJdbc L'application web [normanzik] a enregistré un pilote JDBC [org.mariadb.jdbc.Driver], mais ne l'a pas désenregistré avant l'arrêt de l'application.  Pour éviter une fuite de mémoire, le pilote JDBC a été désenregistré de force.
05-Sep-2022 16:59:42.579 INFO [http-nio-8080-exec-97] org.apache.jasper.servlet.TldScanner.scanJars Au moins un fichier JAR a été analysé pour trouver des TLDs mais il n'en contenait pas, le mode "debug" du journal peut être activé pour obtenir une liste complète de JAR scannés sans succès ; éviter d'analyser des JARs inutilement peut améliorer sensiblement le temps de démarrage et le temps de compilation des JSPs
05-Sep-2022 16:59:42.625 INFO [http-nio-8080-exec-97] org.apache.catalina.core.StandardContext.reload Le rechargement de ce contexte est terminé
05-Sep-2022 16:59:42.987 INFO [http-nio-8080-exec-91] org.apache.catalina.core.StandardContext.reload Le rechargement du contexte [/normanzik] a démarré
05-Sep-2022 16:59:42.987 WARNING [http-nio-8080-exec-91] org.apache.catalina.loader.WebappClassLoaderBase.clearReferencesJdbc L'application web [normanzik] a enregistré un pilote JDBC [org.mariadb.jdbc.Driver], mais ne l'a pas désenregistré avant l'arrêt de l'application.  Pour éviter une fuite de mémoire, le pilote JDBC a été désenregistré de force.
05-Sep-2022 16:59:43.081 INFO [http-nio-8080-exec-91] org.apache.jasper.servlet.TldScanner.scanJars Au moins un fichier JAR a été analysé pour trouver des TLDs mais il n'en contenait pas, le mode "debug" du journal peut être activé pour obtenir une liste complète de JAR scannés sans succès ; éviter d'analyser des JARs inutilement peut améliorer sensiblement le temps de démarrage et le temps de compilation des JSPs
05-Sep-2022 16:59:43.112 INFO [http-nio-8080-exec-91] org.apache.catalina.core.StandardContext.reload Le rechargement de ce contexte est terminé
05-Sep-2022 16:59:55.156 INFO [main] org.apache.catalina.core.StandardServer.await Une commande d'arrêt valide a été reçue sur le port d'arrêt, arrêt de l'instance du serveur
05-Sep-2022 16:59:55.156 INFO [main] org.apache.coyote.AbstractProtocol.pause Le gestionnaire de protocole ["http-nio-8080"] est mis en pause
05-Sep-2022 16:59:55.235 INFO [main] org.apache.catalina.core.StandardService.stopInternal Arrêt du service [Catalina]
05-Sep-2022 16:59:55.236 WARNING [main] org.apache.catalina.loader.WebappClassLoaderBase.clearReferencesJdbc L'application web [normanzik] a enregistré un pilote JDBC [org.mariadb.jdbc.Driver], mais ne l'a pas désenregistré avant l'arrêt de l'application.  Pour éviter une fuite de mémoire, le pilote JDBC a été désenregistré de force.
05-Sep-2022 16:59:55.251 INFO [main] org.apache.coyote.AbstractProtocol.stop Arrêt du gestionnaire de protocole ["http-nio-8080"]
05-Sep-2022 16:59:55.267 INFO [main] org.apache.coyote.AbstractProtocol.destroy Destruction du gestionnaire de protocole ["http-nio-8080"]
