19-Sep-2022 13:53:14.523 INFO [main] org.apache.catalina.startup.VersionLoggerListener.log Nom version serveur :              Apache Tomcat/9.0.65
19-Sep-2022 13:53:14.523 INFO [main] org.apache.catalina.startup.VersionLoggerListener.log Serveur compilé :                  Jul 14 2022 12:28:53 UTC
19-Sep-2022 13:53:14.523 INFO [main] org.apache.catalina.startup.VersionLoggerListener.log Version du serveur :               9.0.65.0
19-Sep-2022 13:53:14.523 INFO [main] org.apache.catalina.startup.VersionLoggerListener.log Nom de l'OS :                      Windows 10
19-Sep-2022 13:53:14.523 INFO [main] org.apache.catalina.startup.VersionLoggerListener.log Version OS :                       10.0
19-Sep-2022 13:53:14.523 INFO [main] org.apache.catalina.startup.VersionLoggerListener.log Architecture :                     amd64
19-Sep-2022 13:53:14.523 INFO [main] org.apache.catalina.startup.VersionLoggerListener.log Java Home :                        C:\Program Files\Java\jdk-11.0.11
19-Sep-2022 13:53:14.523 INFO [main] org.apache.catalina.startup.VersionLoggerListener.log Version JVM :                      11.0.11+9-LTS-194
19-Sep-2022 13:53:14.523 INFO [main] org.apache.catalina.startup.VersionLoggerListener.log Fournisseur de la JVM :            Oracle Corporation
19-Sep-2022 13:53:14.523 INFO [main] org.apache.catalina.startup.VersionLoggerListener.log CATALINA_BASE :                    C:\Program Files\Apache Software Foundation\apache-tomcat-9.0.65
19-Sep-2022 13:53:14.523 INFO [main] org.apache.catalina.startup.VersionLoggerListener.log CATALINA_HOME :                    C:\Program Files\Apache Software Foundation\apache-tomcat-9.0.65
19-Sep-2022 13:53:14.539 INFO [main] org.apache.catalina.startup.VersionLoggerListener.log Argument de la ligne de commande : --add-opens=java.base/java.lang=ALL-UNNAMED
19-Sep-2022 13:53:14.539 INFO [main] org.apache.catalina.startup.VersionLoggerListener.log Argument de la ligne de commande : --add-opens=java.base/java.io=ALL-UNNAMED
19-Sep-2022 13:53:14.539 INFO [main] org.apache.catalina.startup.VersionLoggerListener.log Argument de la ligne de commande : --add-opens=java.base/java.util=ALL-UNNAMED
19-Sep-2022 13:53:14.539 INFO [main] org.apache.catalina.startup.VersionLoggerListener.log Argument de la ligne de commande : --add-opens=java.base/java.util.concurrent=ALL-UNNAMED
19-Sep-2022 13:53:14.539 INFO [main] org.apache.catalina.startup.VersionLoggerListener.log Argument de la ligne de commande : --add-opens=java.rmi/sun.rmi.transport=ALL-UNNAMED
19-Sep-2022 13:53:14.539 INFO [main] org.apache.catalina.startup.VersionLoggerListener.log Argument de la ligne de commande : -Djava.util.logging.config.file=C:\Program Files\Apache Software Foundation\apache-tomcat-9.0.65\conf\logging.properties
19-Sep-2022 13:53:14.539 INFO [main] org.apache.catalina.startup.VersionLoggerListener.log Argument de la ligne de commande : -Djava.util.logging.manager=org.apache.juli.ClassLoaderLogManager
19-Sep-2022 13:53:14.539 INFO [main] org.apache.catalina.startup.VersionLoggerListener.log Argument de la ligne de commande : -Dhttp.nonProxyHosts=localhost|127.0.0.1|SIO301-16
19-Sep-2022 13:53:14.539 INFO [main] org.apache.catalina.startup.VersionLoggerListener.log Argument de la ligne de commande : -Djdk.tls.ephemeralDHKeySize=2048
19-Sep-2022 13:53:14.539 INFO [main] org.apache.catalina.startup.VersionLoggerListener.log Argument de la ligne de commande : -Djava.protocol.handler.pkgs=org.apache.catalina.webresources
19-Sep-2022 13:53:14.539 INFO [main] org.apache.catalina.startup.VersionLoggerListener.log Argument de la ligne de commande : -Dignore.endorsed.dirs=
19-Sep-2022 13:53:14.539 INFO [main] org.apache.catalina.startup.VersionLoggerListener.log Argument de la ligne de commande : -Dcatalina.base=C:\Program Files\Apache Software Foundation\apache-tomcat-9.0.65
19-Sep-2022 13:53:14.539 INFO [main] org.apache.catalina.startup.VersionLoggerListener.log Argument de la ligne de commande : -Dcatalina.home=C:\Program Files\Apache Software Foundation\apache-tomcat-9.0.65
19-Sep-2022 13:53:14.539 INFO [main] org.apache.catalina.startup.VersionLoggerListener.log Argument de la ligne de commande : -Djava.io.tmpdir=C:\Program Files\Apache Software Foundation\apache-tomcat-9.0.65\temp
19-Sep-2022 13:53:14.539 INFO [main] org.apache.catalina.core.AprLifecycleListener.lifecycleEvent Chargement de la librairie Apache Tomcat Native [1.2.35] en utilisant APR version [1.7.0]
19-Sep-2022 13:53:14.539 INFO [main] org.apache.catalina.core.AprLifecycleListener.lifecycleEvent Fonctionnalités d'APR : IPv6 [true], sendfile [true], accept filters [false], random [true], UDS [true]
19-Sep-2022 13:53:14.539 INFO [main] org.apache.catalina.core.AprLifecycleListener.lifecycleEvent Configuration de APR/OpenSSL : useAprConnector [false], useOpenSSL [true]
19-Sep-2022 13:53:14.570 INFO [main] org.apache.catalina.core.AprLifecycleListener.initializeSSL OpenSSL a été initialisé avec succès [OpenSSL 1.1.1q  5 Jul 2022]
19-Sep-2022 13:53:14.804 INFO [main] org.apache.coyote.AbstractProtocol.init Initialisation du gestionnaire de protocole ["http-nio-8080"]
19-Sep-2022 13:53:14.836 INFO [main] org.apache.catalina.startup.Catalina.load L'initialisation du serveur a pris [513] millisecondes
19-Sep-2022 13:53:14.882 INFO [main] org.apache.catalina.core.StandardService.startInternal Démarrage du service [Catalina]
19-Sep-2022 13:53:14.882 INFO [main] org.apache.catalina.core.StandardEngine.startInternal Démarrage du moteur de Servlets : [Apache Tomcat/9.0.65]
19-Sep-2022 13:53:14.898 INFO [main] org.apache.catalina.startup.HostConfig.deployDescriptor Déploiement du descripteur de configuration [C:\Program Files\Apache Software Foundation\apache-tomcat-9.0.65\conf\Catalina\localhost\normanzik.xml]
19-Sep-2022 13:53:14.914 WARNING [main] org.apache.catalina.startup.HostConfig.deployDescriptor L'attribut path avec la valeur [/normanzik] dans le descripteur de déploiement [C:\Program Files\Apache Software Foundation\apache-tomcat-9.0.65\conf\Catalina\localhost\normanzik.xml] a été ignoré
19-Sep-2022 13:53:15.256 INFO [main] org.apache.jasper.servlet.TldScanner.scanJars Au moins un fichier JAR a été analysé pour trouver des TLDs mais il n'en contenait pas, le mode "debug" du journal peut être activé pour obtenir une liste complète de JAR scannés sans succès ; éviter d'analyser des JARs inutilement peut améliorer sensiblement le temps de démarrage et le temps de compilation des JSPs
19-Sep-2022 13:53:15.444 INFO [main] org.apache.catalina.startup.HostConfig.deployDescriptor Le traitement du descripteur de déploiement [C:\Program Files\Apache Software Foundation\apache-tomcat-9.0.65\conf\Catalina\localhost\normanzik.xml] a pris [546] ms
19-Sep-2022 13:53:15.444 INFO [main] org.apache.catalina.startup.HostConfig.deployDirectory Déploiement du répertoire d'application web [C:\Program Files\Apache Software Foundation\apache-tomcat-9.0.65\webapps\docs]
19-Sep-2022 13:53:15.522 INFO [main] org.apache.jasper.servlet.TldScanner.scanJars Au moins un fichier JAR a été analysé pour trouver des TLDs mais il n'en contenait pas, le mode "debug" du journal peut être activé pour obtenir une liste complète de JAR scannés sans succès ; éviter d'analyser des JARs inutilement peut améliorer sensiblement le temps de démarrage et le temps de compilation des JSPs
19-Sep-2022 13:53:15.522 INFO [main] org.apache.catalina.startup.HostConfig.deployDirectory Le déploiement du répertoire [C:\Program Files\Apache Software Foundation\apache-tomcat-9.0.65\webapps\docs] de l'application web s'est terminé en [78] ms
19-Sep-2022 13:53:15.522 INFO [main] org.apache.catalina.startup.HostConfig.deployDirectory Déploiement du répertoire d'application web [C:\Program Files\Apache Software Foundation\apache-tomcat-9.0.65\webapps\examples]
19-Sep-2022 13:53:15.819 INFO [main] org.apache.jasper.servlet.TldScanner.scanJars Au moins un fichier JAR a été analysé pour trouver des TLDs mais il n'en contenait pas, le mode "debug" du journal peut être activé pour obtenir une liste complète de JAR scannés sans succès ; éviter d'analyser des JARs inutilement peut améliorer sensiblement le temps de démarrage et le temps de compilation des JSPs
19-Sep-2022 13:53:15.866 INFO [main] org.apache.catalina.startup.HostConfig.deployDirectory Le déploiement du répertoire [C:\Program Files\Apache Software Foundation\apache-tomcat-9.0.65\webapps\examples] de l'application web s'est terminé en [344] ms
19-Sep-2022 13:53:15.881 INFO [main] org.apache.catalina.startup.HostConfig.deployDirectory Déploiement du répertoire d'application web [C:\Program Files\Apache Software Foundation\apache-tomcat-9.0.65\webapps\host-manager]
19-Sep-2022 13:53:15.959 INFO [main] org.apache.jasper.servlet.TldScanner.scanJars Au moins un fichier JAR a été analysé pour trouver des TLDs mais il n'en contenait pas, le mode "debug" du journal peut être activé pour obtenir une liste complète de JAR scannés sans succès ; éviter d'analyser des JARs inutilement peut améliorer sensiblement le temps de démarrage et le temps de compilation des JSPs
19-Sep-2022 13:53:15.959 INFO [main] org.apache.catalina.startup.HostConfig.deployDirectory Le déploiement du répertoire [C:\Program Files\Apache Software Foundation\apache-tomcat-9.0.65\webapps\host-manager] de l'application web s'est terminé en [78] ms
19-Sep-2022 13:53:15.959 INFO [main] org.apache.catalina.startup.HostConfig.deployDirectory Déploiement du répertoire d'application web [C:\Program Files\Apache Software Foundation\apache-tomcat-9.0.65\webapps\manager]
19-Sep-2022 13:53:16.038 INFO [main] org.apache.jasper.servlet.TldScanner.scanJars Au moins un fichier JAR a été analysé pour trouver des TLDs mais il n'en contenait pas, le mode "debug" du journal peut être activé pour obtenir une liste complète de JAR scannés sans succès ; éviter d'analyser des JARs inutilement peut améliorer sensiblement le temps de démarrage et le temps de compilation des JSPs
19-Sep-2022 13:53:16.038 INFO [main] org.apache.catalina.startup.HostConfig.deployDirectory Le déploiement du répertoire [C:\Program Files\Apache Software Foundation\apache-tomcat-9.0.65\webapps\manager] de l'application web s'est terminé en [79] ms
19-Sep-2022 13:53:16.038 INFO [main] org.apache.catalina.startup.HostConfig.deployDirectory Déploiement du répertoire d'application web [C:\Program Files\Apache Software Foundation\apache-tomcat-9.0.65\webapps\ROOT]
19-Sep-2022 13:53:16.116 INFO [main] org.apache.jasper.servlet.TldScanner.scanJars Au moins un fichier JAR a été analysé pour trouver des TLDs mais il n'en contenait pas, le mode "debug" du journal peut être activé pour obtenir une liste complète de JAR scannés sans succès ; éviter d'analyser des JARs inutilement peut améliorer sensiblement le temps de démarrage et le temps de compilation des JSPs
19-Sep-2022 13:53:16.116 INFO [main] org.apache.catalina.startup.HostConfig.deployDirectory Le déploiement du répertoire [C:\Program Files\Apache Software Foundation\apache-tomcat-9.0.65\webapps\ROOT] de l'application web s'est terminé en [78] ms
19-Sep-2022 13:53:16.116 INFO [main] org.apache.coyote.AbstractProtocol.start Démarrage du gestionnaire de protocole ["http-nio-8080"]
19-Sep-2022 13:53:16.209 INFO [main] org.apache.catalina.startup.Catalina.start Le démarrage du serveur a pris [1382] millisecondes
19-Sep-2022 13:53:24.102 WARNING [http-nio-8080-exec-8] org.apache.catalina.loader.WebappClassLoaderBase.clearReferencesJdbc L'application web [normanzik] a enregistré un pilote JDBC [org.mariadb.jdbc.Driver], mais ne l'a pas désenregistré avant l'arrêt de l'application.  Pour éviter une fuite de mémoire, le pilote JDBC a été désenregistré de force.
19-Sep-2022 13:53:24.605 INFO [http-nio-8080-exec-8] org.apache.catalina.startup.HostConfig.undeploy Retrait de l'application web ayant pour chemin de contexte [/normanzik]
19-Sep-2022 13:53:24.620 INFO [http-nio-8080-exec-2] org.apache.catalina.startup.HostConfig.deployDescriptor Déploiement du descripteur de configuration [C:\Program Files\Apache Software Foundation\apache-tomcat-9.0.65\conf\Catalina\localhost\normanzik.xml]
19-Sep-2022 13:53:24.620 WARNING [http-nio-8080-exec-2] org.apache.catalina.startup.HostConfig.deployDescriptor L'attribut path avec la valeur [/normanzik] dans le descripteur de déploiement [C:\Program Files\Apache Software Foundation\apache-tomcat-9.0.65\conf\Catalina\localhost\normanzik.xml] a été ignoré
19-Sep-2022 13:53:24.745 INFO [http-nio-8080-exec-2] org.apache.jasper.servlet.TldScanner.scanJars Au moins un fichier JAR a été analysé pour trouver des TLDs mais il n'en contenait pas, le mode "debug" du journal peut être activé pour obtenir une liste complète de JAR scannés sans succès ; éviter d'analyser des JARs inutilement peut améliorer sensiblement le temps de démarrage et le temps de compilation des JSPs
19-Sep-2022 13:53:24.792 INFO [http-nio-8080-exec-2] org.apache.catalina.startup.HostConfig.deployDescriptor Le traitement du descripteur de déploiement [C:\Program Files\Apache Software Foundation\apache-tomcat-9.0.65\conf\Catalina\localhost\normanzik.xml] a pris [172] ms
19-Sep-2022 13:53:24.792 INFO [http-nio-8080-exec-1] org.apache.catalina.util.LifecycleBase.start La méthode start() a été appelée sur le composant [StandardEngine[Catalina].StandardHost[localhost].StandardContext[/normanzik]] après que start() ait déjà été appelé, le deuxième appel sera ignoré
19-Sep-2022 13:58:51.995 WARNING [http-nio-8080-exec-12] org.apache.catalina.loader.WebappClassLoaderBase.clearReferencesJdbc L'application web [normanzik] a enregistré un pilote JDBC [org.mariadb.jdbc.Driver], mais ne l'a pas désenregistré avant l'arrêt de l'application.  Pour éviter une fuite de mémoire, le pilote JDBC a été désenregistré de force.
19-Sep-2022 13:58:52.516 INFO [http-nio-8080-exec-12] org.apache.catalina.startup.HostConfig.undeploy Retrait de l'application web ayant pour chemin de contexte [/normanzik]
19-Sep-2022 13:58:52.547 INFO [http-nio-8080-exec-20] org.apache.catalina.startup.HostConfig.deployDescriptor Déploiement du descripteur de configuration [C:\Program Files\Apache Software Foundation\apache-tomcat-9.0.65\conf\Catalina\localhost\normanzik.xml]
19-Sep-2022 13:58:52.548 WARNING [http-nio-8080-exec-20] org.apache.catalina.startup.HostConfig.deployDescriptor L'attribut path avec la valeur [/normanzik] dans le descripteur de déploiement [C:\Program Files\Apache Software Foundation\apache-tomcat-9.0.65\conf\Catalina\localhost\normanzik.xml] a été ignoré
19-Sep-2022 13:58:52.652 INFO [http-nio-8080-exec-20] org.apache.jasper.servlet.TldScanner.scanJars Au moins un fichier JAR a été analysé pour trouver des TLDs mais il n'en contenait pas, le mode "debug" du journal peut être activé pour obtenir une liste complète de JAR scannés sans succès ; éviter d'analyser des JARs inutilement peut améliorer sensiblement le temps de démarrage et le temps de compilation des JSPs
19-Sep-2022 13:58:52.712 INFO [http-nio-8080-exec-20] org.apache.catalina.startup.HostConfig.deployDescriptor Le traitement du descripteur de déploiement [C:\Program Files\Apache Software Foundation\apache-tomcat-9.0.65\conf\Catalina\localhost\normanzik.xml] a pris [165] ms
19-Sep-2022 13:58:52.715 INFO [http-nio-8080-exec-11] org.apache.catalina.util.LifecycleBase.start La méthode start() a été appelée sur le composant [StandardEngine[Catalina].StandardHost[localhost].StandardContext[/normanzik]] après que start() ait déjà été appelé, le deuxième appel sera ignoré
19-Sep-2022 14:03:02.259 INFO [http-nio-8080-exec-24] org.apache.catalina.core.StandardContext.reload Le rechargement du contexte [/normanzik] a démarré
19-Sep-2022 14:03:02.275 WARNING [http-nio-8080-exec-24] org.apache.catalina.loader.WebappClassLoaderBase.clearReferencesJdbc L'application web [normanzik] a enregistré un pilote JDBC [org.mariadb.jdbc.Driver], mais ne l'a pas désenregistré avant l'arrêt de l'application.  Pour éviter une fuite de mémoire, le pilote JDBC a été désenregistré de force.
19-Sep-2022 14:03:02.377 INFO [http-nio-8080-exec-24] org.apache.jasper.servlet.TldScanner.scanJars Au moins un fichier JAR a été analysé pour trouver des TLDs mais il n'en contenait pas, le mode "debug" du journal peut être activé pour obtenir une liste complète de JAR scannés sans succès ; éviter d'analyser des JARs inutilement peut améliorer sensiblement le temps de démarrage et le temps de compilation des JSPs
19-Sep-2022 14:03:02.415 INFO [http-nio-8080-exec-24] org.apache.catalina.core.StandardContext.reload Le rechargement de ce contexte est terminé
19-Sep-2022 14:03:40.210 WARNING [http-nio-8080-exec-28] org.apache.catalina.loader.WebappClassLoaderBase.clearReferencesJdbc L'application web [normanzik] a enregistré un pilote JDBC [org.mariadb.jdbc.Driver], mais ne l'a pas désenregistré avant l'arrêt de l'application.  Pour éviter une fuite de mémoire, le pilote JDBC a été désenregistré de force.
19-Sep-2022 14:03:40.711 INFO [http-nio-8080-exec-28] org.apache.catalina.startup.HostConfig.undeploy Retrait de l'application web ayant pour chemin de contexte [/normanzik]
19-Sep-2022 14:03:40.726 INFO [http-nio-8080-exec-31] org.apache.catalina.startup.HostConfig.deployDescriptor Déploiement du descripteur de configuration [C:\Program Files\Apache Software Foundation\apache-tomcat-9.0.65\conf\Catalina\localhost\normanzik.xml]
19-Sep-2022 14:03:40.726 WARNING [http-nio-8080-exec-31] org.apache.catalina.startup.HostConfig.deployDescriptor L'attribut path avec la valeur [/normanzik] dans le descripteur de déploiement [C:\Program Files\Apache Software Foundation\apache-tomcat-9.0.65\conf\Catalina\localhost\normanzik.xml] a été ignoré
19-Sep-2022 14:03:40.827 INFO [http-nio-8080-exec-31] org.apache.jasper.servlet.TldScanner.scanJars Au moins un fichier JAR a été analysé pour trouver des TLDs mais il n'en contenait pas, le mode "debug" du journal peut être activé pour obtenir une liste complète de JAR scannés sans succès ; éviter d'analyser des JARs inutilement peut améliorer sensiblement le temps de démarrage et le temps de compilation des JSPs
19-Sep-2022 14:03:40.880 INFO [http-nio-8080-exec-31] org.apache.catalina.startup.HostConfig.deployDescriptor Le traitement du descripteur de déploiement [C:\Program Files\Apache Software Foundation\apache-tomcat-9.0.65\conf\Catalina\localhost\normanzik.xml] a pris [154] ms
19-Sep-2022 14:03:40.880 INFO [http-nio-8080-exec-30] org.apache.catalina.util.LifecycleBase.start La méthode start() a été appelée sur le composant [StandardEngine[Catalina].StandardHost[localhost].StandardContext[/normanzik]] après que start() ait déjà été appelé, le deuxième appel sera ignoré
19-Sep-2022 14:35:00.739 INFO [http-nio-8080-exec-38] org.apache.catalina.core.StandardContext.reload Le rechargement du contexte [/normanzik] a démarré
19-Sep-2022 14:35:00.744 WARNING [http-nio-8080-exec-38] org.apache.catalina.loader.WebappClassLoaderBase.clearReferencesJdbc L'application web [normanzik] a enregistré un pilote JDBC [org.mariadb.jdbc.Driver], mais ne l'a pas désenregistré avant l'arrêt de l'application.  Pour éviter une fuite de mémoire, le pilote JDBC a été désenregistré de force.
19-Sep-2022 14:35:00.859 INFO [http-nio-8080-exec-38] org.apache.jasper.servlet.TldScanner.scanJars Au moins un fichier JAR a été analysé pour trouver des TLDs mais il n'en contenait pas, le mode "debug" du journal peut être activé pour obtenir une liste complète de JAR scannés sans succès ; éviter d'analyser des JARs inutilement peut améliorer sensiblement le temps de démarrage et le temps de compilation des JSPs
19-Sep-2022 14:35:00.906 INFO [http-nio-8080-exec-38] org.apache.catalina.core.StandardContext.reload Le rechargement de ce contexte est terminé
19-Sep-2022 14:36:26.062 WARNING [http-nio-8080-exec-41] org.apache.catalina.loader.WebappClassLoaderBase.clearReferencesJdbc L'application web [normanzik] a enregistré un pilote JDBC [org.mariadb.jdbc.Driver], mais ne l'a pas désenregistré avant l'arrêt de l'application.  Pour éviter une fuite de mémoire, le pilote JDBC a été désenregistré de force.
19-Sep-2022 14:36:26.564 INFO [http-nio-8080-exec-41] org.apache.catalina.startup.HostConfig.undeploy Retrait de l'application web ayant pour chemin de contexte [/normanzik]
19-Sep-2022 14:36:26.579 INFO [http-nio-8080-exec-35] org.apache.catalina.startup.HostConfig.deployDescriptor Déploiement du descripteur de configuration [C:\Program Files\Apache Software Foundation\apache-tomcat-9.0.65\conf\Catalina\localhost\normanzik.xml]
19-Sep-2022 14:36:26.579 WARNING [http-nio-8080-exec-35] org.apache.catalina.startup.HostConfig.deployDescriptor L'attribut path avec la valeur [/normanzik] dans le descripteur de déploiement [C:\Program Files\Apache Software Foundation\apache-tomcat-9.0.65\conf\Catalina\localhost\normanzik.xml] a été ignoré
19-Sep-2022 14:36:26.686 INFO [http-nio-8080-exec-35] org.apache.jasper.servlet.TldScanner.scanJars Au moins un fichier JAR a été analysé pour trouver des TLDs mais il n'en contenait pas, le mode "debug" du journal peut être activé pour obtenir une liste complète de JAR scannés sans succès ; éviter d'analyser des JARs inutilement peut améliorer sensiblement le temps de démarrage et le temps de compilation des JSPs
19-Sep-2022 14:36:26.733 INFO [http-nio-8080-exec-35] org.apache.catalina.startup.HostConfig.deployDescriptor Le traitement du descripteur de déploiement [C:\Program Files\Apache Software Foundation\apache-tomcat-9.0.65\conf\Catalina\localhost\normanzik.xml] a pris [154] ms
19-Sep-2022 14:36:26.733 INFO [http-nio-8080-exec-37] org.apache.catalina.util.LifecycleBase.start La méthode start() a été appelée sur le composant [StandardEngine[Catalina].StandardHost[localhost].StandardContext[/normanzik]] après que start() ait déjà été appelé, le deuxième appel sera ignoré
19-Sep-2022 14:37:08.740 WARNING [http-nio-8080-exec-37] org.apache.catalina.loader.WebappClassLoaderBase.clearReferencesJdbc L'application web [normanzik] a enregistré un pilote JDBC [org.mariadb.jdbc.Driver], mais ne l'a pas désenregistré avant l'arrêt de l'application.  Pour éviter une fuite de mémoire, le pilote JDBC a été désenregistré de force.
19-Sep-2022 14:37:09.248 INFO [http-nio-8080-exec-37] org.apache.catalina.startup.HostConfig.undeploy Retrait de l'application web ayant pour chemin de contexte [/normanzik]
19-Sep-2022 14:37:59.232 INFO [http-nio-8080-exec-37] org.apache.catalina.startup.HostConfig.deployDescriptor Déploiement du descripteur de configuration [C:\Program Files\Apache Software Foundation\apache-tomcat-9.0.65\conf\Catalina\localhost\normanzik.xml]
19-Sep-2022 14:37:59.232 WARNING [http-nio-8080-exec-37] org.apache.catalina.startup.HostConfig.deployDescriptor L'attribut path avec la valeur [/normanzik] dans le descripteur de déploiement [C:\Program Files\Apache Software Foundation\apache-tomcat-9.0.65\conf\Catalina\localhost\normanzik.xml] a été ignoré
19-Sep-2022 14:37:59.329 INFO [http-nio-8080-exec-37] org.apache.jasper.servlet.TldScanner.scanJars Au moins un fichier JAR a été analysé pour trouver des TLDs mais il n'en contenait pas, le mode "debug" du journal peut être activé pour obtenir une liste complète de JAR scannés sans succès ; éviter d'analyser des JARs inutilement peut améliorer sensiblement le temps de démarrage et le temps de compilation des JSPs
19-Sep-2022 14:37:59.383 INFO [http-nio-8080-exec-37] org.apache.catalina.startup.HostConfig.deployDescriptor Le traitement du descripteur de déploiement [C:\Program Files\Apache Software Foundation\apache-tomcat-9.0.65\conf\Catalina\localhost\normanzik.xml] a pris [151] ms
19-Sep-2022 14:37:59.383 INFO [http-nio-8080-exec-54] org.apache.catalina.util.LifecycleBase.start La méthode start() a été appelée sur le composant [StandardEngine[Catalina].StandardHost[localhost].StandardContext[/normanzik]] après que start() ait déjà été appelé, le deuxième appel sera ignoré
19-Sep-2022 14:39:52.880 WARNING [http-nio-8080-exec-56] org.apache.catalina.loader.WebappClassLoaderBase.clearReferencesJdbc L'application web [normanzik] a enregistré un pilote JDBC [org.mariadb.jdbc.Driver], mais ne l'a pas désenregistré avant l'arrêt de l'application.  Pour éviter une fuite de mémoire, le pilote JDBC a été désenregistré de force.
19-Sep-2022 14:39:53.386 INFO [http-nio-8080-exec-56] org.apache.catalina.startup.HostConfig.undeploy Retrait de l'application web ayant pour chemin de contexte [/normanzik]
19-Sep-2022 14:39:53.393 INFO [http-nio-8080-exec-54] org.apache.catalina.startup.HostConfig.deployDescriptor Déploiement du descripteur de configuration [C:\Program Files\Apache Software Foundation\apache-tomcat-9.0.65\conf\Catalina\localhost\normanzik.xml]
19-Sep-2022 14:39:53.393 WARNING [http-nio-8080-exec-54] org.apache.catalina.startup.HostConfig.deployDescriptor L'attribut path avec la valeur [/normanzik] dans le descripteur de déploiement [C:\Program Files\Apache Software Foundation\apache-tomcat-9.0.65\conf\Catalina\localhost\normanzik.xml] a été ignoré
19-Sep-2022 14:39:53.500 INFO [http-nio-8080-exec-54] org.apache.jasper.servlet.TldScanner.scanJars Au moins un fichier JAR a été analysé pour trouver des TLDs mais il n'en contenait pas, le mode "debug" du journal peut être activé pour obtenir une liste complète de JAR scannés sans succès ; éviter d'analyser des JARs inutilement peut améliorer sensiblement le temps de démarrage et le temps de compilation des JSPs
19-Sep-2022 14:39:53.538 INFO [http-nio-8080-exec-54] org.apache.catalina.startup.HostConfig.deployDescriptor Le traitement du descripteur de déploiement [C:\Program Files\Apache Software Foundation\apache-tomcat-9.0.65\conf\Catalina\localhost\normanzik.xml] a pris [145] ms
19-Sep-2022 14:39:53.538 INFO [http-nio-8080-exec-55] org.apache.catalina.util.LifecycleBase.start La méthode start() a été appelée sur le composant [StandardEngine[Catalina].StandardHost[localhost].StandardContext[/normanzik]] après que start() ait déjà été appelé, le deuxième appel sera ignoré
19-Sep-2022 14:41:06.816 INFO [http-nio-8080-exec-65] org.apache.catalina.core.StandardContext.reload Le rechargement du contexte [/normanzik] a démarré
19-Sep-2022 14:41:06.816 WARNING [http-nio-8080-exec-65] org.apache.catalina.loader.WebappClassLoaderBase.clearReferencesJdbc L'application web [normanzik] a enregistré un pilote JDBC [org.mariadb.jdbc.Driver], mais ne l'a pas désenregistré avant l'arrêt de l'application.  Pour éviter une fuite de mémoire, le pilote JDBC a été désenregistré de force.
19-Sep-2022 14:41:06.916 INFO [http-nio-8080-exec-65] org.apache.jasper.servlet.TldScanner.scanJars Au moins un fichier JAR a été analysé pour trouver des TLDs mais il n'en contenait pas, le mode "debug" du journal peut être activé pour obtenir une liste complète de JAR scannés sans succès ; éviter d'analyser des JARs inutilement peut améliorer sensiblement le temps de démarrage et le temps de compilation des JSPs
19-Sep-2022 14:41:06.971 INFO [http-nio-8080-exec-65] org.apache.catalina.core.StandardContext.reload Le rechargement de ce contexte est terminé
19-Sep-2022 14:42:40.282 INFO [http-nio-8080-exec-72] org.apache.catalina.core.StandardContext.reload Le rechargement du contexte [/normanzik] a démarré
19-Sep-2022 14:42:40.298 WARNING [http-nio-8080-exec-72] org.apache.catalina.loader.WebappClassLoaderBase.clearReferencesJdbc L'application web [normanzik] a enregistré un pilote JDBC [org.mariadb.jdbc.Driver], mais ne l'a pas désenregistré avant l'arrêt de l'application.  Pour éviter une fuite de mémoire, le pilote JDBC a été désenregistré de force.
19-Sep-2022 14:42:40.398 INFO [http-nio-8080-exec-72] org.apache.jasper.servlet.TldScanner.scanJars Au moins un fichier JAR a été analysé pour trouver des TLDs mais il n'en contenait pas, le mode "debug" du journal peut être activé pour obtenir une liste complète de JAR scannés sans succès ; éviter d'analyser des JARs inutilement peut améliorer sensiblement le temps de démarrage et le temps de compilation des JSPs
19-Sep-2022 14:42:40.436 INFO [http-nio-8080-exec-72] org.apache.catalina.core.StandardContext.reload Le rechargement de ce contexte est terminé
19-Sep-2022 14:44:12.018 INFO [http-nio-8080-exec-74] org.apache.catalina.core.StandardContext.reload Le rechargement du contexte [/normanzik] a démarré
19-Sep-2022 14:44:12.033 WARNING [http-nio-8080-exec-74] org.apache.catalina.loader.WebappClassLoaderBase.clearReferencesJdbc L'application web [normanzik] a enregistré un pilote JDBC [org.mariadb.jdbc.Driver], mais ne l'a pas désenregistré avant l'arrêt de l'application.  Pour éviter une fuite de mémoire, le pilote JDBC a été désenregistré de force.
19-Sep-2022 14:44:12.134 INFO [http-nio-8080-exec-74] org.apache.jasper.servlet.TldScanner.scanJars Au moins un fichier JAR a été analysé pour trouver des TLDs mais il n'en contenait pas, le mode "debug" du journal peut être activé pour obtenir une liste complète de JAR scannés sans succès ; éviter d'analyser des JARs inutilement peut améliorer sensiblement le temps de démarrage et le temps de compilation des JSPs
19-Sep-2022 14:44:12.172 INFO [http-nio-8080-exec-74] org.apache.catalina.core.StandardContext.reload Le rechargement de ce contexte est terminé
19-Sep-2022 14:44:22.702 INFO [http-nio-8080-exec-63] org.apache.catalina.core.StandardContext.reload Le rechargement du contexte [/normanzik] a démarré
19-Sep-2022 14:44:22.706 WARNING [http-nio-8080-exec-63] org.apache.catalina.loader.WebappClassLoaderBase.clearReferencesJdbc L'application web [normanzik] a enregistré un pilote JDBC [org.mariadb.jdbc.Driver], mais ne l'a pas désenregistré avant l'arrêt de l'application.  Pour éviter une fuite de mémoire, le pilote JDBC a été désenregistré de force.
19-Sep-2022 14:44:22.807 INFO [http-nio-8080-exec-63] org.apache.jasper.servlet.TldScanner.scanJars Au moins un fichier JAR a été analysé pour trouver des TLDs mais il n'en contenait pas, le mode "debug" du journal peut être activé pour obtenir une liste complète de JAR scannés sans succès ; éviter d'analyser des JARs inutilement peut améliorer sensiblement le temps de démarrage et le temps de compilation des JSPs
19-Sep-2022 14:44:22.838 INFO [http-nio-8080-exec-63] org.apache.catalina.core.StandardContext.reload Le rechargement de ce contexte est terminé
19-Sep-2022 14:44:51.705 INFO [http-nio-8080-exec-75] org.apache.catalina.core.StandardContext.reload Le rechargement du contexte [/normanzik] a démarré
19-Sep-2022 14:44:51.721 WARNING [http-nio-8080-exec-75] org.apache.catalina.loader.WebappClassLoaderBase.clearReferencesJdbc L'application web [normanzik] a enregistré un pilote JDBC [org.mariadb.jdbc.Driver], mais ne l'a pas désenregistré avant l'arrêt de l'application.  Pour éviter une fuite de mémoire, le pilote JDBC a été désenregistré de force.
19-Sep-2022 14:44:51.821 INFO [http-nio-8080-exec-75] org.apache.jasper.servlet.TldScanner.scanJars Au moins un fichier JAR a été analysé pour trouver des TLDs mais il n'en contenait pas, le mode "debug" du journal peut être activé pour obtenir une liste complète de JAR scannés sans succès ; éviter d'analyser des JARs inutilement peut améliorer sensiblement le temps de démarrage et le temps de compilation des JSPs
19-Sep-2022 14:44:51.868 INFO [http-nio-8080-exec-75] org.apache.catalina.core.StandardContext.reload Le rechargement de ce contexte est terminé
19-Sep-2022 15:53:02.869 WARNING [http-nio-8080-exec-83] org.apache.catalina.loader.WebappClassLoaderBase.clearReferencesJdbc L'application web [normanzik] a enregistré un pilote JDBC [org.mariadb.jdbc.Driver], mais ne l'a pas désenregistré avant l'arrêt de l'application.  Pour éviter une fuite de mémoire, le pilote JDBC a été désenregistré de force.
19-Sep-2022 15:53:03.389 INFO [http-nio-8080-exec-83] org.apache.catalina.startup.HostConfig.undeploy Retrait de l'application web ayant pour chemin de contexte [/normanzik]
19-Sep-2022 15:53:03.404 INFO [http-nio-8080-exec-89] org.apache.catalina.startup.HostConfig.deployDescriptor Déploiement du descripteur de configuration [C:\Program Files\Apache Software Foundation\apache-tomcat-9.0.65\conf\Catalina\localhost\normanzik.xml]
19-Sep-2022 15:53:03.404 WARNING [http-nio-8080-exec-89] org.apache.catalina.startup.HostConfig.deployDescriptor L'attribut path avec la valeur [/normanzik] dans le descripteur de déploiement [C:\Program Files\Apache Software Foundation\apache-tomcat-9.0.65\conf\Catalina\localhost\normanzik.xml] a été ignoré
19-Sep-2022 15:53:03.503 INFO [http-nio-8080-exec-89] org.apache.jasper.servlet.TldScanner.scanJars Au moins un fichier JAR a été analysé pour trouver des TLDs mais il n'en contenait pas, le mode "debug" du journal peut être activé pour obtenir une liste complète de JAR scannés sans succès ; éviter d'analyser des JARs inutilement peut améliorer sensiblement le temps de démarrage et le temps de compilation des JSPs
19-Sep-2022 15:53:03.549 INFO [http-nio-8080-exec-89] org.apache.catalina.startup.HostConfig.deployDescriptor Le traitement du descripteur de déploiement [C:\Program Files\Apache Software Foundation\apache-tomcat-9.0.65\conf\Catalina\localhost\normanzik.xml] a pris [145] ms
19-Sep-2022 15:53:03.549 INFO [http-nio-8080-exec-81] org.apache.catalina.util.LifecycleBase.start La méthode start() a été appelée sur le composant [StandardEngine[Catalina].StandardHost[localhost].StandardContext[/normanzik]] après que start() ait déjà été appelé, le deuxième appel sera ignoré
19-Sep-2022 15:53:59.727 INFO [http-nio-8080-exec-91] org.apache.catalina.core.StandardContext.reload Le rechargement du contexte [/normanzik] a démarré
19-Sep-2022 15:53:59.743 WARNING [http-nio-8080-exec-91] org.apache.catalina.loader.WebappClassLoaderBase.clearReferencesJdbc L'application web [normanzik] a enregistré un pilote JDBC [org.mariadb.jdbc.Driver], mais ne l'a pas désenregistré avant l'arrêt de l'application.  Pour éviter une fuite de mémoire, le pilote JDBC a été désenregistré de force.
19-Sep-2022 15:53:59.843 INFO [http-nio-8080-exec-91] org.apache.jasper.servlet.TldScanner.scanJars Au moins un fichier JAR a été analysé pour trouver des TLDs mais il n'en contenait pas, le mode "debug" du journal peut être activé pour obtenir une liste complète de JAR scannés sans succès ; éviter d'analyser des JARs inutilement peut améliorer sensiblement le temps de démarrage et le temps de compilation des JSPs
19-Sep-2022 15:53:59.890 INFO [http-nio-8080-exec-91] org.apache.catalina.core.StandardContext.reload Le rechargement de ce contexte est terminé
19-Sep-2022 15:57:56.244 INFO [http-nio-8080-exec-100] org.apache.catalina.core.StandardContext.reload Le rechargement du contexte [/normanzik] a démarré
19-Sep-2022 15:57:56.260 WARNING [http-nio-8080-exec-100] org.apache.catalina.loader.WebappClassLoaderBase.clearReferencesJdbc L'application web [normanzik] a enregistré un pilote JDBC [org.mariadb.jdbc.Driver], mais ne l'a pas désenregistré avant l'arrêt de l'application.  Pour éviter une fuite de mémoire, le pilote JDBC a été désenregistré de force.
19-Sep-2022 15:57:56.344 INFO [http-nio-8080-exec-100] org.apache.jasper.servlet.TldScanner.scanJars Au moins un fichier JAR a été analysé pour trouver des TLDs mais il n'en contenait pas, le mode "debug" du journal peut être activé pour obtenir une liste complète de JAR scannés sans succès ; éviter d'analyser des JARs inutilement peut améliorer sensiblement le temps de démarrage et le temps de compilation des JSPs
19-Sep-2022 15:57:56.398 INFO [http-nio-8080-exec-100] org.apache.catalina.core.StandardContext.reload Le rechargement de ce contexte est terminé
19-Sep-2022 15:58:01.727 INFO [http-nio-8080-exec-99] org.apache.catalina.core.StandardContext.reload Le rechargement du contexte [/normanzik] a démarré
19-Sep-2022 15:58:01.727 WARNING [http-nio-8080-exec-99] org.apache.catalina.loader.WebappClassLoaderBase.clearReferencesJdbc L'application web [normanzik] a enregistré un pilote JDBC [org.mariadb.jdbc.Driver], mais ne l'a pas désenregistré avant l'arrêt de l'application.  Pour éviter une fuite de mémoire, le pilote JDBC a été désenregistré de force.
19-Sep-2022 15:58:01.827 INFO [http-nio-8080-exec-99] org.apache.jasper.servlet.TldScanner.scanJars Au moins un fichier JAR a été analysé pour trouver des TLDs mais il n'en contenait pas, le mode "debug" du journal peut être activé pour obtenir une liste complète de JAR scannés sans succès ; éviter d'analyser des JARs inutilement peut améliorer sensiblement le temps de démarrage et le temps de compilation des JSPs
19-Sep-2022 15:58:01.874 INFO [http-nio-8080-exec-99] org.apache.catalina.core.StandardContext.reload Le rechargement de ce contexte est terminé
19-Sep-2022 15:58:24.825 INFO [http-nio-8080-exec-100] org.apache.catalina.core.StandardContext.reload Le rechargement du contexte [/normanzik] a démarré
19-Sep-2022 15:58:24.841 WARNING [http-nio-8080-exec-100] org.apache.catalina.loader.WebappClassLoaderBase.clearReferencesJdbc L'application web [normanzik] a enregistré un pilote JDBC [org.mariadb.jdbc.Driver], mais ne l'a pas désenregistré avant l'arrêt de l'application.  Pour éviter une fuite de mémoire, le pilote JDBC a été désenregistré de force.
19-Sep-2022 15:58:24.929 INFO [http-nio-8080-exec-100] org.apache.jasper.servlet.TldScanner.scanJars Au moins un fichier JAR a été analysé pour trouver des TLDs mais il n'en contenait pas, le mode "debug" du journal peut être activé pour obtenir une liste complète de JAR scannés sans succès ; éviter d'analyser des JARs inutilement peut améliorer sensiblement le temps de démarrage et le temps de compilation des JSPs
19-Sep-2022 15:58:24.966 INFO [http-nio-8080-exec-100] org.apache.catalina.core.StandardContext.reload Le rechargement de ce contexte est terminé
19-Sep-2022 15:59:41.553 INFO [http-nio-8080-exec-101] org.apache.catalina.core.StandardContext.reload Le rechargement du contexte [/normanzik] a démarré
19-Sep-2022 15:59:41.553 WARNING [http-nio-8080-exec-101] org.apache.catalina.loader.WebappClassLoaderBase.clearReferencesJdbc L'application web [normanzik] a enregistré un pilote JDBC [org.mariadb.jdbc.Driver], mais ne l'a pas désenregistré avant l'arrêt de l'application.  Pour éviter une fuite de mémoire, le pilote JDBC a été désenregistré de force.
19-Sep-2022 15:59:41.653 INFO [http-nio-8080-exec-101] org.apache.jasper.servlet.TldScanner.scanJars Au moins un fichier JAR a été analysé pour trouver des TLDs mais il n'en contenait pas, le mode "debug" du journal peut être activé pour obtenir une liste complète de JAR scannés sans succès ; éviter d'analyser des JARs inutilement peut améliorer sensiblement le temps de démarrage et le temps de compilation des JSPs
19-Sep-2022 15:59:41.700 INFO [http-nio-8080-exec-101] org.apache.catalina.core.StandardContext.reload Le rechargement de ce contexte est terminé
19-Sep-2022 16:01:38.899 INFO [http-nio-8080-exec-100] org.apache.catalina.core.StandardContext.reload Le rechargement du contexte [/normanzik] a démarré
19-Sep-2022 16:01:38.915 WARNING [http-nio-8080-exec-100] org.apache.catalina.loader.WebappClassLoaderBase.clearReferencesJdbc L'application web [normanzik] a enregistré un pilote JDBC [org.mariadb.jdbc.Driver], mais ne l'a pas désenregistré avant l'arrêt de l'application.  Pour éviter une fuite de mémoire, le pilote JDBC a été désenregistré de force.
19-Sep-2022 16:01:39.015 INFO [http-nio-8080-exec-100] org.apache.jasper.servlet.TldScanner.scanJars Au moins un fichier JAR a été analysé pour trouver des TLDs mais il n'en contenait pas, le mode "debug" du journal peut être activé pour obtenir une liste complète de JAR scannés sans succès ; éviter d'analyser des JARs inutilement peut améliorer sensiblement le temps de démarrage et le temps de compilation des JSPs
19-Sep-2022 16:01:39.062 INFO [http-nio-8080-exec-100] org.apache.catalina.core.StandardContext.reload Le rechargement de ce contexte est terminé
19-Sep-2022 16:02:29.909 INFO [http-nio-8080-exec-101] org.apache.catalina.core.StandardContext.reload Le rechargement du contexte [/normanzik] a démarré
19-Sep-2022 16:02:29.909 WARNING [http-nio-8080-exec-101] org.apache.catalina.loader.WebappClassLoaderBase.clearReferencesJdbc L'application web [normanzik] a enregistré un pilote JDBC [org.mariadb.jdbc.Driver], mais ne l'a pas désenregistré avant l'arrêt de l'application.  Pour éviter une fuite de mémoire, le pilote JDBC a été désenregistré de force.
19-Sep-2022 16:02:30.009 INFO [http-nio-8080-exec-101] org.apache.jasper.servlet.TldScanner.scanJars Au moins un fichier JAR a été analysé pour trouver des TLDs mais il n'en contenait pas, le mode "debug" du journal peut être activé pour obtenir une liste complète de JAR scannés sans succès ; éviter d'analyser des JARs inutilement peut améliorer sensiblement le temps de démarrage et le temps de compilation des JSPs
19-Sep-2022 16:02:30.056 INFO [http-nio-8080-exec-101] org.apache.catalina.core.StandardContext.reload Le rechargement de ce contexte est terminé
19-Sep-2022 16:02:34.466 INFO [http-nio-8080-exec-100] org.apache.catalina.core.StandardContext.reload Le rechargement du contexte [/normanzik] a démarré
19-Sep-2022 16:02:34.481 WARNING [http-nio-8080-exec-100] org.apache.catalina.loader.WebappClassLoaderBase.clearReferencesJdbc L'application web [normanzik] a enregistré un pilote JDBC [org.mariadb.jdbc.Driver], mais ne l'a pas désenregistré avant l'arrêt de l'application.  Pour éviter une fuite de mémoire, le pilote JDBC a été désenregistré de force.
19-Sep-2022 16:02:34.582 INFO [http-nio-8080-exec-100] org.apache.jasper.servlet.TldScanner.scanJars Au moins un fichier JAR a été analysé pour trouver des TLDs mais il n'en contenait pas, le mode "debug" du journal peut être activé pour obtenir une liste complète de JAR scannés sans succès ; éviter d'analyser des JARs inutilement peut améliorer sensiblement le temps de démarrage et le temps de compilation des JSPs
19-Sep-2022 16:02:34.619 INFO [http-nio-8080-exec-100] org.apache.catalina.core.StandardContext.reload Le rechargement de ce contexte est terminé
19-Sep-2022 16:05:49.060 INFO [http-nio-8080-exec-117] org.apache.catalina.core.StandardContext.reload Le rechargement du contexte [/normanzik] a démarré
19-Sep-2022 16:05:49.060 WARNING [http-nio-8080-exec-117] org.apache.catalina.loader.WebappClassLoaderBase.clearReferencesJdbc L'application web [normanzik] a enregistré un pilote JDBC [org.mariadb.jdbc.Driver], mais ne l'a pas désenregistré avant l'arrêt de l'application.  Pour éviter une fuite de mémoire, le pilote JDBC a été désenregistré de force.
19-Sep-2022 16:05:49.153 INFO [http-nio-8080-exec-117] org.apache.jasper.servlet.TldScanner.scanJars Au moins un fichier JAR a été analysé pour trouver des TLDs mais il n'en contenait pas, le mode "debug" du journal peut être activé pour obtenir une liste complète de JAR scannés sans succès ; éviter d'analyser des JARs inutilement peut améliorer sensiblement le temps de démarrage et le temps de compilation des JSPs
19-Sep-2022 16:05:49.206 INFO [http-nio-8080-exec-117] org.apache.catalina.core.StandardContext.reload Le rechargement de ce contexte est terminé
19-Sep-2022 16:07:13.005 INFO [http-nio-8080-exec-100] org.apache.catalina.core.StandardContext.reload Le rechargement du contexte [/normanzik] a démarré
19-Sep-2022 16:07:13.019 WARNING [http-nio-8080-exec-100] org.apache.catalina.loader.WebappClassLoaderBase.clearReferencesJdbc L'application web [normanzik] a enregistré un pilote JDBC [org.mariadb.jdbc.Driver], mais ne l'a pas désenregistré avant l'arrêt de l'application.  Pour éviter une fuite de mémoire, le pilote JDBC a été désenregistré de force.
19-Sep-2022 16:07:13.119 INFO [http-nio-8080-exec-100] org.apache.jasper.servlet.TldScanner.scanJars Au moins un fichier JAR a été analysé pour trouver des TLDs mais il n'en contenait pas, le mode "debug" du journal peut être activé pour obtenir une liste complète de JAR scannés sans succès ; éviter d'analyser des JARs inutilement peut améliorer sensiblement le temps de démarrage et le temps de compilation des JSPs
19-Sep-2022 16:07:13.150 INFO [http-nio-8080-exec-100] org.apache.catalina.core.StandardContext.reload Le rechargement de ce contexte est terminé
19-Sep-2022 16:07:54.559 INFO [http-nio-8080-exec-94] org.apache.catalina.core.StandardContext.reload Le rechargement du contexte [/normanzik] a démarré
19-Sep-2022 16:07:54.574 WARNING [http-nio-8080-exec-94] org.apache.catalina.loader.WebappClassLoaderBase.clearReferencesJdbc L'application web [normanzik] a enregistré un pilote JDBC [org.mariadb.jdbc.Driver], mais ne l'a pas désenregistré avant l'arrêt de l'application.  Pour éviter une fuite de mémoire, le pilote JDBC a été désenregistré de force.
19-Sep-2022 16:07:54.675 INFO [http-nio-8080-exec-94] org.apache.jasper.servlet.TldScanner.scanJars Au moins un fichier JAR a été analysé pour trouver des TLDs mais il n'en contenait pas, le mode "debug" du journal peut être activé pour obtenir une liste complète de JAR scannés sans succès ; éviter d'analyser des JARs inutilement peut améliorer sensiblement le temps de démarrage et le temps de compilation des JSPs
19-Sep-2022 16:07:54.706 INFO [http-nio-8080-exec-94] org.apache.catalina.core.StandardContext.reload Le rechargement de ce contexte est terminé
19-Sep-2022 16:16:46.298 INFO [http-nio-8080-exec-124] org.apache.catalina.core.StandardContext.reload Le rechargement du contexte [/normanzik] a démarré
19-Sep-2022 16:16:46.314 WARNING [http-nio-8080-exec-124] org.apache.catalina.loader.WebappClassLoaderBase.clearReferencesJdbc L'application web [normanzik] a enregistré un pilote JDBC [org.mariadb.jdbc.Driver], mais ne l'a pas désenregistré avant l'arrêt de l'application.  Pour éviter une fuite de mémoire, le pilote JDBC a été désenregistré de force.
19-Sep-2022 16:16:46.403 INFO [http-nio-8080-exec-124] org.apache.jasper.servlet.TldScanner.scanJars Au moins un fichier JAR a été analysé pour trouver des TLDs mais il n'en contenait pas, le mode "debug" du journal peut être activé pour obtenir une liste complète de JAR scannés sans succès ; éviter d'analyser des JARs inutilement peut améliorer sensiblement le temps de démarrage et le temps de compilation des JSPs
19-Sep-2022 16:16:46.456 INFO [http-nio-8080-exec-124] org.apache.catalina.core.StandardContext.reload Le rechargement de ce contexte est terminé
19-Sep-2022 16:16:53.510 INFO [http-nio-8080-exec-130] org.apache.catalina.core.StandardContext.reload Le rechargement du contexte [/normanzik] a démarré
19-Sep-2022 16:16:53.526 WARNING [http-nio-8080-exec-130] org.apache.catalina.loader.WebappClassLoaderBase.clearReferencesJdbc L'application web [normanzik] a enregistré un pilote JDBC [org.mariadb.jdbc.Driver], mais ne l'a pas désenregistré avant l'arrêt de l'application.  Pour éviter une fuite de mémoire, le pilote JDBC a été désenregistré de force.
19-Sep-2022 16:16:53.611 INFO [http-nio-8080-exec-130] org.apache.jasper.servlet.TldScanner.scanJars Au moins un fichier JAR a été analysé pour trouver des TLDs mais il n'en contenait pas, le mode "debug" du journal peut être activé pour obtenir une liste complète de JAR scannés sans succès ; éviter d'analyser des JARs inutilement peut améliorer sensiblement le temps de démarrage et le temps de compilation des JSPs
19-Sep-2022 16:16:53.664 INFO [http-nio-8080-exec-130] org.apache.catalina.core.StandardContext.reload Le rechargement de ce contexte est terminé
19-Sep-2022 16:19:41.513 INFO [http-nio-8080-exec-135] org.apache.catalina.core.StandardContext.reload Le rechargement du contexte [/normanzik] a démarré
19-Sep-2022 16:19:41.513 WARNING [http-nio-8080-exec-135] org.apache.catalina.loader.WebappClassLoaderBase.clearReferencesJdbc L'application web [normanzik] a enregistré un pilote JDBC [org.mariadb.jdbc.Driver], mais ne l'a pas désenregistré avant l'arrêt de l'application.  Pour éviter une fuite de mémoire, le pilote JDBC a été désenregistré de force.
19-Sep-2022 16:19:41.613 INFO [http-nio-8080-exec-135] org.apache.jasper.servlet.TldScanner.scanJars Au moins un fichier JAR a été analysé pour trouver des TLDs mais il n'en contenait pas, le mode "debug" du journal peut être activé pour obtenir une liste complète de JAR scannés sans succès ; éviter d'analyser des JARs inutilement peut améliorer sensiblement le temps de démarrage et le temps de compilation des JSPs
19-Sep-2022 16:19:41.666 INFO [http-nio-8080-exec-135] org.apache.catalina.core.StandardContext.reload Le rechargement de ce contexte est terminé
19-Sep-2022 16:19:46.354 INFO [http-nio-8080-exec-133] org.apache.catalina.core.StandardContext.reload Le rechargement du contexte [/normanzik] a démarré
19-Sep-2022 16:19:46.367 WARNING [http-nio-8080-exec-133] org.apache.catalina.loader.WebappClassLoaderBase.clearReferencesJdbc L'application web [normanzik] a enregistré un pilote JDBC [org.mariadb.jdbc.Driver], mais ne l'a pas désenregistré avant l'arrêt de l'application.  Pour éviter une fuite de mémoire, le pilote JDBC a été désenregistré de force.
19-Sep-2022 16:19:46.461 INFO [http-nio-8080-exec-133] org.apache.jasper.servlet.TldScanner.scanJars Au moins un fichier JAR a été analysé pour trouver des TLDs mais il n'en contenait pas, le mode "debug" du journal peut être activé pour obtenir une liste complète de JAR scannés sans succès ; éviter d'analyser des JARs inutilement peut améliorer sensiblement le temps de démarrage et le temps de compilation des JSPs
19-Sep-2022 16:19:46.498 INFO [http-nio-8080-exec-133] org.apache.catalina.core.StandardContext.reload Le rechargement de ce contexte est terminé
19-Sep-2022 16:20:14.530 INFO [http-nio-8080-exec-139] org.apache.catalina.core.StandardContext.reload Le rechargement du contexte [/normanzik] a démarré
19-Sep-2022 16:20:14.546 WARNING [http-nio-8080-exec-139] org.apache.catalina.loader.WebappClassLoaderBase.clearReferencesJdbc L'application web [normanzik] a enregistré un pilote JDBC [org.mariadb.jdbc.Driver], mais ne l'a pas désenregistré avant l'arrêt de l'application.  Pour éviter une fuite de mémoire, le pilote JDBC a été désenregistré de force.
19-Sep-2022 16:20:14.631 INFO [http-nio-8080-exec-139] org.apache.jasper.servlet.TldScanner.scanJars Au moins un fichier JAR a été analysé pour trouver des TLDs mais il n'en contenait pas, le mode "debug" du journal peut être activé pour obtenir une liste complète de JAR scannés sans succès ; éviter d'analyser des JARs inutilement peut améliorer sensiblement le temps de démarrage et le temps de compilation des JSPs
19-Sep-2022 16:20:14.684 INFO [http-nio-8080-exec-139] org.apache.catalina.core.StandardContext.reload Le rechargement de ce contexte est terminé
19-Sep-2022 16:21:19.262 INFO [http-nio-8080-exec-141] org.apache.catalina.core.StandardContext.reload Le rechargement du contexte [/normanzik] a démarré
19-Sep-2022 16:21:19.284 WARNING [http-nio-8080-exec-141] org.apache.catalina.loader.WebappClassLoaderBase.clearReferencesJdbc L'application web [normanzik] a enregistré un pilote JDBC [org.mariadb.jdbc.Driver], mais ne l'a pas désenregistré avant l'arrêt de l'application.  Pour éviter une fuite de mémoire, le pilote JDBC a été désenregistré de force.
19-Sep-2022 16:21:19.378 INFO [http-nio-8080-exec-141] org.apache.jasper.servlet.TldScanner.scanJars Au moins un fichier JAR a été analysé pour trouver des TLDs mais il n'en contenait pas, le mode "debug" du journal peut être activé pour obtenir une liste complète de JAR scannés sans succès ; éviter d'analyser des JARs inutilement peut améliorer sensiblement le temps de démarrage et le temps de compilation des JSPs
19-Sep-2022 16:21:19.416 INFO [http-nio-8080-exec-141] org.apache.catalina.core.StandardContext.reload Le rechargement de ce contexte est terminé
19-Sep-2022 16:21:29.718 INFO [http-nio-8080-exec-134] org.apache.catalina.core.StandardContext.reload Le rechargement du contexte [/normanzik] a démarré
19-Sep-2022 16:21:29.733 WARNING [http-nio-8080-exec-134] org.apache.catalina.loader.WebappClassLoaderBase.clearReferencesJdbc L'application web [normanzik] a enregistré un pilote JDBC [org.mariadb.jdbc.Driver], mais ne l'a pas désenregistré avant l'arrêt de l'application.  Pour éviter une fuite de mémoire, le pilote JDBC a été désenregistré de force.
19-Sep-2022 16:21:29.818 INFO [http-nio-8080-exec-134] org.apache.jasper.servlet.TldScanner.scanJars Au moins un fichier JAR a été analysé pour trouver des TLDs mais il n'en contenait pas, le mode "debug" du journal peut être activé pour obtenir une liste complète de JAR scannés sans succès ; éviter d'analyser des JARs inutilement peut améliorer sensiblement le temps de démarrage et le temps de compilation des JSPs
19-Sep-2022 16:21:29.865 INFO [http-nio-8080-exec-134] org.apache.catalina.core.StandardContext.reload Le rechargement de ce contexte est terminé
19-Sep-2022 16:22:32.027 INFO [http-nio-8080-exec-140] org.apache.catalina.core.StandardContext.reload Le rechargement du contexte [/normanzik] a démarré
19-Sep-2022 16:22:32.043 WARNING [http-nio-8080-exec-140] org.apache.catalina.loader.WebappClassLoaderBase.clearReferencesJdbc L'application web [normanzik] a enregistré un pilote JDBC [org.mariadb.jdbc.Driver], mais ne l'a pas désenregistré avant l'arrêt de l'application.  Pour éviter une fuite de mémoire, le pilote JDBC a été désenregistré de force.
19-Sep-2022 16:22:32.143 INFO [http-nio-8080-exec-140] org.apache.jasper.servlet.TldScanner.scanJars Au moins un fichier JAR a été analysé pour trouver des TLDs mais il n'en contenait pas, le mode "debug" du journal peut être activé pour obtenir une liste complète de JAR scannés sans succès ; éviter d'analyser des JARs inutilement peut améliorer sensiblement le temps de démarrage et le temps de compilation des JSPs
19-Sep-2022 16:22:32.190 INFO [http-nio-8080-exec-140] org.apache.catalina.core.StandardContext.reload Le rechargement de ce contexte est terminé
19-Sep-2022 16:22:49.297 INFO [http-nio-8080-exec-139] org.apache.catalina.core.StandardContext.reload Le rechargement du contexte [/normanzik] a démarré
19-Sep-2022 16:22:49.297 WARNING [http-nio-8080-exec-139] org.apache.catalina.loader.WebappClassLoaderBase.clearReferencesJdbc L'application web [normanzik] a enregistré un pilote JDBC [org.mariadb.jdbc.Driver], mais ne l'a pas désenregistré avant l'arrêt de l'application.  Pour éviter une fuite de mémoire, le pilote JDBC a été désenregistré de force.
19-Sep-2022 16:22:49.397 INFO [http-nio-8080-exec-139] org.apache.jasper.servlet.TldScanner.scanJars Au moins un fichier JAR a été analysé pour trouver des TLDs mais il n'en contenait pas, le mode "debug" du journal peut être activé pour obtenir une liste complète de JAR scannés sans succès ; éviter d'analyser des JARs inutilement peut améliorer sensiblement le temps de démarrage et le temps de compilation des JSPs
19-Sep-2022 16:22:49.444 INFO [http-nio-8080-exec-139] org.apache.catalina.core.StandardContext.reload Le rechargement de ce contexte est terminé
19-Sep-2022 16:25:13.104 INFO [http-nio-8080-exec-157] org.apache.catalina.core.StandardContext.reload Le rechargement du contexte [/normanzik] a démarré
19-Sep-2022 16:25:13.104 WARNING [http-nio-8080-exec-157] org.apache.catalina.loader.WebappClassLoaderBase.clearReferencesJdbc L'application web [normanzik] a enregistré un pilote JDBC [org.mariadb.jdbc.Driver], mais ne l'a pas désenregistré avant l'arrêt de l'application.  Pour éviter une fuite de mémoire, le pilote JDBC a été désenregistré de force.
19-Sep-2022 16:25:13.205 INFO [http-nio-8080-exec-157] org.apache.jasper.servlet.TldScanner.scanJars Au moins un fichier JAR a été analysé pour trouver des TLDs mais il n'en contenait pas, le mode "debug" du journal peut être activé pour obtenir une liste complète de JAR scannés sans succès ; éviter d'analyser des JARs inutilement peut améliorer sensiblement le temps de démarrage et le temps de compilation des JSPs
19-Sep-2022 16:25:13.251 INFO [http-nio-8080-exec-157] org.apache.catalina.core.StandardContext.reload Le rechargement de ce contexte est terminé
19-Sep-2022 16:27:07.563 INFO [http-nio-8080-exec-156] org.apache.catalina.core.StandardContext.reload Le rechargement du contexte [/normanzik] a démarré
19-Sep-2022 16:27:07.579 WARNING [http-nio-8080-exec-156] org.apache.catalina.loader.WebappClassLoaderBase.clearReferencesJdbc L'application web [normanzik] a enregistré un pilote JDBC [org.mariadb.jdbc.Driver], mais ne l'a pas désenregistré avant l'arrêt de l'application.  Pour éviter une fuite de mémoire, le pilote JDBC a été désenregistré de force.
19-Sep-2022 16:27:07.668 INFO [http-nio-8080-exec-156] org.apache.jasper.servlet.TldScanner.scanJars Au moins un fichier JAR a été analysé pour trouver des TLDs mais il n'en contenait pas, le mode "debug" du journal peut être activé pour obtenir une liste complète de JAR scannés sans succès ; éviter d'analyser des JARs inutilement peut améliorer sensiblement le temps de démarrage et le temps de compilation des JSPs
19-Sep-2022 16:27:07.726 INFO [http-nio-8080-exec-156] org.apache.catalina.core.StandardContext.reload Le rechargement de ce contexte est terminé
19-Sep-2022 16:27:39.360 INFO [http-nio-8080-exec-157] org.apache.catalina.core.StandardContext.reload Le rechargement du contexte [/normanzik] a démarré
19-Sep-2022 16:27:39.376 WARNING [http-nio-8080-exec-157] org.apache.catalina.loader.WebappClassLoaderBase.clearReferencesJdbc L'application web [normanzik] a enregistré un pilote JDBC [org.mariadb.jdbc.Driver], mais ne l'a pas désenregistré avant l'arrêt de l'application.  Pour éviter une fuite de mémoire, le pilote JDBC a été désenregistré de force.
19-Sep-2022 16:27:39.460 INFO [http-nio-8080-exec-157] org.apache.jasper.servlet.TldScanner.scanJars Au moins un fichier JAR a été analysé pour trouver des TLDs mais il n'en contenait pas, le mode "debug" du journal peut être activé pour obtenir une liste complète de JAR scannés sans succès ; éviter d'analyser des JARs inutilement peut améliorer sensiblement le temps de démarrage et le temps de compilation des JSPs
19-Sep-2022 16:27:39.507 INFO [http-nio-8080-exec-157] org.apache.catalina.core.StandardContext.reload Le rechargement de ce contexte est terminé
19-Sep-2022 16:27:47.673 INFO [http-nio-8080-exec-156] org.apache.catalina.core.StandardContext.reload Le rechargement du contexte [/normanzik] a démarré
19-Sep-2022 16:27:47.673 WARNING [http-nio-8080-exec-156] org.apache.catalina.loader.WebappClassLoaderBase.clearReferencesJdbc L'application web [normanzik] a enregistré un pilote JDBC [org.mariadb.jdbc.Driver], mais ne l'a pas désenregistré avant l'arrêt de l'application.  Pour éviter une fuite de mémoire, le pilote JDBC a été désenregistré de force.
19-Sep-2022 16:27:47.773 INFO [http-nio-8080-exec-156] org.apache.jasper.servlet.TldScanner.scanJars Au moins un fichier JAR a été analysé pour trouver des TLDs mais il n'en contenait pas, le mode "debug" du journal peut être activé pour obtenir une liste complète de JAR scannés sans succès ; éviter d'analyser des JARs inutilement peut améliorer sensiblement le temps de démarrage et le temps de compilation des JSPs
19-Sep-2022 16:27:47.820 INFO [http-nio-8080-exec-156] org.apache.catalina.core.StandardContext.reload Le rechargement de ce contexte est terminé
19-Sep-2022 16:28:07.340 INFO [http-nio-8080-exec-140] org.apache.catalina.core.StandardContext.reload Le rechargement du contexte [/normanzik] a démarré
19-Sep-2022 16:28:07.340 WARNING [http-nio-8080-exec-140] org.apache.catalina.loader.WebappClassLoaderBase.clearReferencesJdbc L'application web [normanzik] a enregistré un pilote JDBC [org.mariadb.jdbc.Driver], mais ne l'a pas désenregistré avant l'arrêt de l'application.  Pour éviter une fuite de mémoire, le pilote JDBC a été désenregistré de force.
19-Sep-2022 16:28:07.440 INFO [http-nio-8080-exec-140] org.apache.jasper.servlet.TldScanner.scanJars Au moins un fichier JAR a été analysé pour trouver des TLDs mais il n'en contenait pas, le mode "debug" du journal peut être activé pour obtenir une liste complète de JAR scannés sans succès ; éviter d'analyser des JARs inutilement peut améliorer sensiblement le temps de démarrage et le temps de compilation des JSPs
19-Sep-2022 16:28:07.487 INFO [http-nio-8080-exec-140] org.apache.catalina.core.StandardContext.reload Le rechargement de ce contexte est terminé
19-Sep-2022 16:28:42.155 INFO [http-nio-8080-exec-156] org.apache.catalina.core.StandardContext.reload Le rechargement du contexte [/normanzik] a démarré
19-Sep-2022 16:28:42.171 WARNING [http-nio-8080-exec-156] org.apache.catalina.loader.WebappClassLoaderBase.clearReferencesJdbc L'application web [normanzik] a enregistré un pilote JDBC [org.mariadb.jdbc.Driver], mais ne l'a pas désenregistré avant l'arrêt de l'application.  Pour éviter une fuite de mémoire, le pilote JDBC a été désenregistré de force.
19-Sep-2022 16:28:42.271 INFO [http-nio-8080-exec-156] org.apache.jasper.servlet.TldScanner.scanJars Au moins un fichier JAR a été analysé pour trouver des TLDs mais il n'en contenait pas, le mode "debug" du journal peut être activé pour obtenir une liste complète de JAR scannés sans succès ; éviter d'analyser des JARs inutilement peut améliorer sensiblement le temps de démarrage et le temps de compilation des JSPs
19-Sep-2022 16:28:42.318 INFO [http-nio-8080-exec-156] org.apache.catalina.core.StandardContext.reload Le rechargement de ce contexte est terminé
19-Sep-2022 16:28:56.199 INFO [http-nio-8080-exec-161] org.apache.catalina.core.StandardContext.reload Le rechargement du contexte [/normanzik] a démarré
19-Sep-2022 16:28:56.215 WARNING [http-nio-8080-exec-161] org.apache.catalina.loader.WebappClassLoaderBase.clearReferencesJdbc L'application web [normanzik] a enregistré un pilote JDBC [org.mariadb.jdbc.Driver], mais ne l'a pas désenregistré avant l'arrêt de l'application.  Pour éviter une fuite de mémoire, le pilote JDBC a été désenregistré de force.
19-Sep-2022 16:28:56.299 INFO [http-nio-8080-exec-161] org.apache.jasper.servlet.TldScanner.scanJars Au moins un fichier JAR a été analysé pour trouver des TLDs mais il n'en contenait pas, le mode "debug" du journal peut être activé pour obtenir une liste complète de JAR scannés sans succès ; éviter d'analyser des JARs inutilement peut améliorer sensiblement le temps de démarrage et le temps de compilation des JSPs
19-Sep-2022 16:28:56.346 INFO [http-nio-8080-exec-161] org.apache.catalina.core.StandardContext.reload Le rechargement de ce contexte est terminé
19-Sep-2022 16:36:38.101 INFO [http-nio-8080-exec-174] org.apache.catalina.core.StandardContext.reload Le rechargement du contexte [/normanzik] a démarré
19-Sep-2022 16:36:38.117 WARNING [http-nio-8080-exec-174] org.apache.catalina.loader.WebappClassLoaderBase.clearReferencesJdbc L'application web [normanzik] a enregistré un pilote JDBC [org.mariadb.jdbc.Driver], mais ne l'a pas désenregistré avant l'arrêt de l'application.  Pour éviter une fuite de mémoire, le pilote JDBC a été désenregistré de force.
19-Sep-2022 16:36:38.217 INFO [http-nio-8080-exec-174] org.apache.jasper.servlet.TldScanner.scanJars Au moins un fichier JAR a été analysé pour trouver des TLDs mais il n'en contenait pas, le mode "debug" du journal peut être activé pour obtenir une liste complète de JAR scannés sans succès ; éviter d'analyser des JARs inutilement peut améliorer sensiblement le temps de démarrage et le temps de compilation des JSPs
19-Sep-2022 16:36:38.264 INFO [http-nio-8080-exec-174] org.apache.catalina.core.StandardContext.reload Le rechargement de ce contexte est terminé
19-Sep-2022 16:39:37.741 INFO [http-nio-8080-exec-179] org.apache.catalina.core.StandardContext.reload Le rechargement du contexte [/normanzik] a démarré
19-Sep-2022 16:39:37.757 WARNING [http-nio-8080-exec-179] org.apache.catalina.loader.WebappClassLoaderBase.clearReferencesJdbc L'application web [normanzik] a enregistré un pilote JDBC [org.mariadb.jdbc.Driver], mais ne l'a pas désenregistré avant l'arrêt de l'application.  Pour éviter une fuite de mémoire, le pilote JDBC a été désenregistré de force.
19-Sep-2022 16:39:37.857 INFO [http-nio-8080-exec-179] org.apache.jasper.servlet.TldScanner.scanJars Au moins un fichier JAR a été analysé pour trouver des TLDs mais il n'en contenait pas, le mode "debug" du journal peut être activé pour obtenir une liste complète de JAR scannés sans succès ; éviter d'analyser des JARs inutilement peut améliorer sensiblement le temps de démarrage et le temps de compilation des JSPs
19-Sep-2022 16:39:37.904 INFO [http-nio-8080-exec-179] org.apache.catalina.core.StandardContext.reload Le rechargement de ce contexte est terminé
19-Sep-2022 16:39:44.817 INFO [http-nio-8080-exec-177] org.apache.catalina.core.StandardContext.reload Le rechargement du contexte [/normanzik] a démarré
19-Sep-2022 16:39:44.832 WARNING [http-nio-8080-exec-177] org.apache.catalina.loader.WebappClassLoaderBase.clearReferencesJdbc L'application web [normanzik] a enregistré un pilote JDBC [org.mariadb.jdbc.Driver], mais ne l'a pas désenregistré avant l'arrêt de l'application.  Pour éviter une fuite de mémoire, le pilote JDBC a été désenregistré de force.
19-Sep-2022 16:39:44.924 INFO [http-nio-8080-exec-177] org.apache.jasper.servlet.TldScanner.scanJars Au moins un fichier JAR a été analysé pour trouver des TLDs mais il n'en contenait pas, le mode "debug" du journal peut être activé pour obtenir une liste complète de JAR scannés sans succès ; éviter d'analyser des JARs inutilement peut améliorer sensiblement le temps de démarrage et le temps de compilation des JSPs
19-Sep-2022 16:39:44.962 INFO [http-nio-8080-exec-177] org.apache.catalina.core.StandardContext.reload Le rechargement de ce contexte est terminé
19-Sep-2022 16:40:05.841 INFO [http-nio-8080-exec-180] org.apache.catalina.core.StandardContext.reload Le rechargement du contexte [/normanzik] a démarré
19-Sep-2022 16:40:05.857 WARNING [http-nio-8080-exec-180] org.apache.catalina.loader.WebappClassLoaderBase.clearReferencesJdbc L'application web [normanzik] a enregistré un pilote JDBC [org.mariadb.jdbc.Driver], mais ne l'a pas désenregistré avant l'arrêt de l'application.  Pour éviter une fuite de mémoire, le pilote JDBC a été désenregistré de force.
19-Sep-2022 16:40:05.942 INFO [http-nio-8080-exec-180] org.apache.jasper.servlet.TldScanner.scanJars Au moins un fichier JAR a été analysé pour trouver des TLDs mais il n'en contenait pas, le mode "debug" du journal peut être activé pour obtenir une liste complète de JAR scannés sans succès ; éviter d'analyser des JARs inutilement peut améliorer sensiblement le temps de démarrage et le temps de compilation des JSPs
19-Sep-2022 16:40:05.988 INFO [http-nio-8080-exec-180] org.apache.catalina.core.StandardContext.reload Le rechargement de ce contexte est terminé
19-Sep-2022 16:46:33.233 INFO [http-nio-8080-exec-189] org.apache.catalina.core.StandardContext.reload Le rechargement du contexte [/normanzik] a démarré
19-Sep-2022 16:46:33.233 WARNING [http-nio-8080-exec-189] org.apache.catalina.loader.WebappClassLoaderBase.clearReferencesJdbc L'application web [normanzik] a enregistré un pilote JDBC [org.mariadb.jdbc.Driver], mais ne l'a pas désenregistré avant l'arrêt de l'application.  Pour éviter une fuite de mémoire, le pilote JDBC a été désenregistré de force.
19-Sep-2022 16:46:33.333 INFO [http-nio-8080-exec-189] org.apache.jasper.servlet.TldScanner.scanJars Au moins un fichier JAR a été analysé pour trouver des TLDs mais il n'en contenait pas, le mode "debug" du journal peut être activé pour obtenir une liste complète de JAR scannés sans succès ; éviter d'analyser des JARs inutilement peut améliorer sensiblement le temps de démarrage et le temps de compilation des JSPs
19-Sep-2022 16:46:33.380 INFO [http-nio-8080-exec-189] org.apache.catalina.core.StandardContext.reload Le rechargement de ce contexte est terminé
19-Sep-2022 16:47:24.975 INFO [http-nio-8080-exec-187] org.apache.catalina.core.StandardContext.reload Le rechargement du contexte [/normanzik] a démarré
19-Sep-2022 16:47:24.991 WARNING [http-nio-8080-exec-187] org.apache.catalina.loader.WebappClassLoaderBase.clearReferencesJdbc L'application web [normanzik] a enregistré un pilote JDBC [org.mariadb.jdbc.Driver], mais ne l'a pas désenregistré avant l'arrêt de l'application.  Pour éviter une fuite de mémoire, le pilote JDBC a été désenregistré de force.
19-Sep-2022 16:47:25.091 INFO [http-nio-8080-exec-187] org.apache.jasper.servlet.TldScanner.scanJars Au moins un fichier JAR a été analysé pour trouver des TLDs mais il n'en contenait pas, le mode "debug" du journal peut être activé pour obtenir une liste complète de JAR scannés sans succès ; éviter d'analyser des JARs inutilement peut améliorer sensiblement le temps de démarrage et le temps de compilation des JSPs
19-Sep-2022 16:47:25.123 INFO [http-nio-8080-exec-187] org.apache.catalina.core.StandardContext.reload Le rechargement de ce contexte est terminé
19-Sep-2022 16:48:18.738 INFO [http-nio-8080-exec-195] org.apache.catalina.core.StandardContext.reload Le rechargement du contexte [/normanzik] a démarré
19-Sep-2022 16:48:18.754 WARNING [http-nio-8080-exec-195] org.apache.catalina.loader.WebappClassLoaderBase.clearReferencesJdbc L'application web [normanzik] a enregistré un pilote JDBC [org.mariadb.jdbc.Driver], mais ne l'a pas désenregistré avant l'arrêt de l'application.  Pour éviter une fuite de mémoire, le pilote JDBC a été désenregistré de force.
19-Sep-2022 16:48:18.838 INFO [http-nio-8080-exec-195] org.apache.jasper.servlet.TldScanner.scanJars Au moins un fichier JAR a été analysé pour trouver des TLDs mais il n'en contenait pas, le mode "debug" du journal peut être activé pour obtenir une liste complète de JAR scannés sans succès ; éviter d'analyser des JARs inutilement peut améliorer sensiblement le temps de démarrage et le temps de compilation des JSPs
19-Sep-2022 16:48:18.885 INFO [http-nio-8080-exec-195] org.apache.catalina.core.StandardContext.reload Le rechargement de ce contexte est terminé
19-Sep-2022 16:48:54.307 INFO [http-nio-8080-exec-197] org.apache.catalina.core.StandardContext.reload Le rechargement du contexte [/normanzik] a démarré
19-Sep-2022 16:48:54.323 WARNING [http-nio-8080-exec-197] org.apache.catalina.loader.WebappClassLoaderBase.clearReferencesJdbc L'application web [normanzik] a enregistré un pilote JDBC [org.mariadb.jdbc.Driver], mais ne l'a pas désenregistré avant l'arrêt de l'application.  Pour éviter une fuite de mémoire, le pilote JDBC a été désenregistré de force.
19-Sep-2022 16:48:54.417 INFO [http-nio-8080-exec-197] org.apache.jasper.servlet.TldScanner.scanJars Au moins un fichier JAR a été analysé pour trouver des TLDs mais il n'en contenait pas, le mode "debug" du journal peut être activé pour obtenir une liste complète de JAR scannés sans succès ; éviter d'analyser des JARs inutilement peut améliorer sensiblement le temps de démarrage et le temps de compilation des JSPs
19-Sep-2022 16:48:54.455 INFO [http-nio-8080-exec-197] org.apache.catalina.core.StandardContext.reload Le rechargement de ce contexte est terminé
19-Sep-2022 16:49:26.642 INFO [http-nio-8080-exec-183] org.apache.catalina.core.StandardContext.reload Le rechargement du contexte [/normanzik] a démarré
19-Sep-2022 16:49:26.656 WARNING [http-nio-8080-exec-183] org.apache.catalina.loader.WebappClassLoaderBase.clearReferencesJdbc L'application web [normanzik] a enregistré un pilote JDBC [org.mariadb.jdbc.Driver], mais ne l'a pas désenregistré avant l'arrêt de l'application.  Pour éviter une fuite de mémoire, le pilote JDBC a été désenregistré de force.
19-Sep-2022 16:49:26.756 INFO [http-nio-8080-exec-183] org.apache.jasper.servlet.TldScanner.scanJars Au moins un fichier JAR a été analysé pour trouver des TLDs mais il n'en contenait pas, le mode "debug" du journal peut être activé pour obtenir une liste complète de JAR scannés sans succès ; éviter d'analyser des JARs inutilement peut améliorer sensiblement le temps de démarrage et le temps de compilation des JSPs
19-Sep-2022 16:49:26.801 INFO [http-nio-8080-exec-183] org.apache.catalina.core.StandardContext.reload Le rechargement de ce contexte est terminé
19-Sep-2022 16:49:49.746 INFO [http-nio-8080-exec-198] org.apache.catalina.core.StandardContext.reload Le rechargement du contexte [/normanzik] a démarré
19-Sep-2022 16:49:49.761 WARNING [http-nio-8080-exec-198] org.apache.catalina.loader.WebappClassLoaderBase.clearReferencesJdbc L'application web [normanzik] a enregistré un pilote JDBC [org.mariadb.jdbc.Driver], mais ne l'a pas désenregistré avant l'arrêt de l'application.  Pour éviter une fuite de mémoire, le pilote JDBC a été désenregistré de force.
19-Sep-2022 16:49:49.846 INFO [http-nio-8080-exec-198] org.apache.jasper.servlet.TldScanner.scanJars Au moins un fichier JAR a été analysé pour trouver des TLDs mais il n'en contenait pas, le mode "debug" du journal peut être activé pour obtenir une liste complète de JAR scannés sans succès ; éviter d'analyser des JARs inutilement peut améliorer sensiblement le temps de démarrage et le temps de compilation des JSPs
19-Sep-2022 16:49:49.893 INFO [http-nio-8080-exec-198] org.apache.catalina.core.StandardContext.reload Le rechargement de ce contexte est terminé
19-Sep-2022 16:53:54.911 INFO [main] org.apache.catalina.core.StandardServer.await Une commande d'arrêt valide a été reçue sur le port d'arrêt, arrêt de l'instance du serveur
19-Sep-2022 16:53:54.911 INFO [main] org.apache.coyote.AbstractProtocol.pause Le gestionnaire de protocole ["http-nio-8080"] est mis en pause
19-Sep-2022 16:53:54.990 INFO [main] org.apache.catalina.core.StandardService.stopInternal Arrêt du service [Catalina]
19-Sep-2022 16:53:54.990 WARNING [main] org.apache.catalina.loader.WebappClassLoaderBase.clearReferencesJdbc L'application web [normanzik] a enregistré un pilote JDBC [org.mariadb.jdbc.Driver], mais ne l'a pas désenregistré avant l'arrêt de l'application.  Pour éviter une fuite de mémoire, le pilote JDBC a été désenregistré de force.
19-Sep-2022 16:53:55.012 INFO [main] org.apache.coyote.AbstractProtocol.stop Arrêt du gestionnaire de protocole ["http-nio-8080"]
19-Sep-2022 16:53:55.027 INFO [main] org.apache.coyote.AbstractProtocol.destroy Destruction du gestionnaire de protocole ["http-nio-8080"]
