28-Sep-2022 08:16:50.587 INFO [main] org.apache.catalina.core.ApplicationContext.log ContextListener: contextInitialized()
28-Sep-2022 08:16:50.587 INFO [main] org.apache.catalina.core.ApplicationContext.log SessionListener: contextInitialized()
28-Sep-2022 08:16:50.587 INFO [main] org.apache.catalina.core.ApplicationContext.log ContextListener: attributeAdded('StockTicker', 'async.Stockticker@5a00eb1e')
28-Sep-2022 10:11:49.301 SEVERE [Catalina-utility-1] org.apache.catalina.core.StandardContext.listenerStop Exception lors de l'envoi de l'évènement contexte détruit (context destroyed) à l'instance de classe d'écoute [dao.InitConnexion]
	java.lang.IllegalStateException: java.io.IOException: java.lang.reflect.InvocationTargetException
		at org.apache.catalina.webresources.AbstractSingleArchiveResourceSet.getArchiveEntry(AbstractSingleArchiveResourceSet.java:101)
		at org.apache.catalina.webresources.AbstractArchiveResourceSet.getResource(AbstractArchiveResourceSet.java:263)
		at org.apache.catalina.webresources.StandardRoot.getResourceInternal(StandardRoot.java:281)
		at org.apache.catalina.webresources.Cache.getResource(Cache.java:64)
		at org.apache.catalina.webresources.StandardRoot.getResource(StandardRoot.java:216)
		at org.apache.catalina.webresources.StandardRoot.getClassLoaderResource(StandardRoot.java:225)
		at org.apache.catalina.loader.WebappClassLoaderBase.findClassInternal(WebappClassLoaderBase.java:2353)
		at org.apache.catalina.loader.WebappClassLoaderBase.findClass(WebappClassLoaderBase.java:875)
		at org.apache.catalina.loader.WebappClassLoaderBase.loadClass(WebappClassLoaderBase.java:1376)
		at org.apache.catalina.loader.WebappClassLoaderBase.loadClass(WebappClassLoaderBase.java:1220)
		at dao.InitConnexion.contextDestroyed(InitConnexion.java:76)
		at org.apache.catalina.core.StandardContext.listenerStop(StandardContext.java:4816)
		at org.apache.catalina.core.StandardContext.stopInternal(StandardContext.java:5477)
		at org.apache.catalina.util.LifecycleBase.stop(LifecycleBase.java:257)
		at org.apache.catalina.core.ContainerBase.removeChild(ContainerBase.java:814)
		at org.apache.catalina.startup.HostConfig.undeploy(HostConfig.java:1466)
		at org.apache.catalina.startup.HostConfig.checkResources(HostConfig.java:1391)
		at org.apache.catalina.startup.HostConfig.check(HostConfig.java:1654)
		at org.apache.catalina.startup.HostConfig.lifecycleEvent(HostConfig.java:315)
		at org.apache.catalina.util.LifecycleBase.fireLifecycleEvent(LifecycleBase.java:123)
		at org.apache.catalina.core.ContainerBase.backgroundProcess(ContainerBase.java:1162)
		at org.apache.catalina.core.ContainerBase$ContainerBackgroundProcessor.processChildren(ContainerBase.java:1365)
		at org.apache.catalina.core.ContainerBase$ContainerBackgroundProcessor.processChildren(ContainerBase.java:1369)
		at org.apache.catalina.core.ContainerBase$ContainerBackgroundProcessor.run(ContainerBase.java:1347)
		at java.base/java.util.concurrent.Executors$RunnableAdapter.call(Executors.java:515)
		at java.base/java.util.concurrent.FutureTask.runAndReset(FutureTask.java:305)
		at java.base/java.util.concurrent.ScheduledThreadPoolExecutor$ScheduledFutureTask.run(ScheduledThreadPoolExecutor.java:305)
		at java.base/java.util.concurrent.ThreadPoolExecutor.runWorker(ThreadPoolExecutor.java:1128)
		at java.base/java.util.concurrent.ThreadPoolExecutor$Worker.run(ThreadPoolExecutor.java:628)
		at org.apache.tomcat.util.threads.TaskThread$WrappingRunnable.run(TaskThread.java:61)
		at java.base/java.lang.Thread.run(Thread.java:834)
	Caused by: java.io.IOException: java.lang.reflect.InvocationTargetException
		at org.apache.tomcat.util.compat.Jre9Compat.jarFileNewInstance(Jre9Compat.java:209)
		at org.apache.tomcat.util.compat.JreCompat.jarFileNewInstance(JreCompat.java:240)
		at org.apache.catalina.webresources.AbstractArchiveResourceSet.openJarFile(AbstractArchiveResourceSet.java:314)
		at org.apache.catalina.webresources.AbstractSingleArchiveResourceSet.getArchiveEntry(AbstractSingleArchiveResourceSet.java:97)
		... 30 more
	Caused by: java.lang.reflect.InvocationTargetException
		at java.base/jdk.internal.reflect.GeneratedConstructorAccessor7.newInstance(Unknown Source)
		at java.base/jdk.internal.reflect.DelegatingConstructorAccessorImpl.newInstance(DelegatingConstructorAccessorImpl.java:45)
		at java.base/java.lang.reflect.Constructor.newInstance(Constructor.java:490)
		at org.apache.tomcat.util.compat.Jre9Compat.jarFileNewInstance(Jre9Compat.java:206)
		... 33 more
	Caused by: java.nio.file.NoSuchFileException: C:\Users\sio2\Documents\NetBeansProjects\normanzik\target\normanzik-1.0-SNAPSHOT\WEB-INF\lib\mariadb-java-client-2.7.5.jar
		at java.base/sun.nio.fs.WindowsException.translateToIOException(WindowsException.java:85)
		at java.base/sun.nio.fs.WindowsException.rethrowAsIOException(WindowsException.java:103)
		at java.base/sun.nio.fs.WindowsException.rethrowAsIOException(WindowsException.java:108)
		at java.base/sun.nio.fs.WindowsFileAttributeViews$Basic.readAttributes(WindowsFileAttributeViews.java:53)
		at java.base/sun.nio.fs.WindowsFileAttributeViews$Basic.readAttributes(WindowsFileAttributeViews.java:38)
		at java.base/sun.nio.fs.WindowsFileSystemProvider.readAttributes(WindowsFileSystemProvider.java:198)
		at java.base/java.nio.file.Files.readAttributes(Files.java:1764)
		at java.base/java.util.zip.ZipFile$Source.get(ZipFile.java:1231)
		at java.base/java.util.zip.ZipFile$CleanableResource.<init>(ZipFile.java:732)
		at java.base/java.util.zip.ZipFile$CleanableResource.get(ZipFile.java:841)
		at java.base/java.util.zip.ZipFile.<init>(ZipFile.java:247)
		at java.base/java.util.zip.ZipFile.<init>(ZipFile.java:177)
		at java.base/java.util.jar.JarFile.<init>(JarFile.java:348)
		... 37 more
28-Sep-2022 10:12:40.036 INFO [main] org.apache.catalina.core.ApplicationContext.log SessionListener: contextDestroyed()
28-Sep-2022 10:12:40.036 INFO [main] org.apache.catalina.core.ApplicationContext.log ContextListener: contextDestroyed()
28-Sep-2022 10:14:07.486 INFO [main] org.apache.catalina.core.ApplicationContext.log ContextListener: contextInitialized()
28-Sep-2022 10:14:07.486 INFO [main] org.apache.catalina.core.ApplicationContext.log SessionListener: contextInitialized()
28-Sep-2022 10:14:07.486 INFO [main] org.apache.catalina.core.ApplicationContext.log ContextListener: attributeAdded('StockTicker', 'async.Stockticker@2cec704c')
28-Sep-2022 10:58:43.173 SEVERE [Catalina-utility-2] org.apache.catalina.core.StandardContext.listenerStop Exception lors de l'envoi de l'évènement contexte détruit (context destroyed) à l'instance de classe d'écoute [dao.InitConnexion]
	java.lang.IllegalStateException: java.io.IOException: java.lang.reflect.InvocationTargetException
		at org.apache.catalina.webresources.AbstractSingleArchiveResourceSet.getArchiveEntry(AbstractSingleArchiveResourceSet.java:101)
		at org.apache.catalina.webresources.AbstractArchiveResourceSet.getResource(AbstractArchiveResourceSet.java:263)
		at org.apache.catalina.webresources.StandardRoot.getResourceInternal(StandardRoot.java:281)
		at org.apache.catalina.webresources.Cache.getResource(Cache.java:64)
		at org.apache.catalina.webresources.StandardRoot.getResource(StandardRoot.java:216)
		at org.apache.catalina.webresources.StandardRoot.getClassLoaderResource(StandardRoot.java:225)
		at org.apache.catalina.loader.WebappClassLoaderBase.findClassInternal(WebappClassLoaderBase.java:2353)
		at org.apache.catalina.loader.WebappClassLoaderBase.findClass(WebappClassLoaderBase.java:875)
		at org.apache.catalina.loader.WebappClassLoaderBase.loadClass(WebappClassLoaderBase.java:1376)
		at org.apache.catalina.loader.WebappClassLoaderBase.loadClass(WebappClassLoaderBase.java:1220)
		at dao.InitConnexion.contextDestroyed(InitConnexion.java:76)
		at org.apache.catalina.core.StandardContext.listenerStop(StandardContext.java:4816)
		at org.apache.catalina.core.StandardContext.stopInternal(StandardContext.java:5477)
		at org.apache.catalina.util.LifecycleBase.stop(LifecycleBase.java:257)
		at org.apache.catalina.core.ContainerBase.removeChild(ContainerBase.java:814)
		at org.apache.catalina.startup.HostConfig.undeploy(HostConfig.java:1466)
		at org.apache.catalina.startup.HostConfig.checkResources(HostConfig.java:1391)
		at org.apache.catalina.startup.HostConfig.check(HostConfig.java:1654)
		at org.apache.catalina.startup.HostConfig.lifecycleEvent(HostConfig.java:315)
		at org.apache.catalina.util.LifecycleBase.fireLifecycleEvent(LifecycleBase.java:123)
		at org.apache.catalina.core.ContainerBase.backgroundProcess(ContainerBase.java:1162)
		at org.apache.catalina.core.ContainerBase$ContainerBackgroundProcessor.processChildren(ContainerBase.java:1365)
		at org.apache.catalina.core.ContainerBase$ContainerBackgroundProcessor.processChildren(ContainerBase.java:1369)
		at org.apache.catalina.core.ContainerBase$ContainerBackgroundProcessor.run(ContainerBase.java:1347)
		at java.base/java.util.concurrent.Executors$RunnableAdapter.call(Executors.java:515)
		at java.base/java.util.concurrent.FutureTask.runAndReset(FutureTask.java:305)
		at java.base/java.util.concurrent.ScheduledThreadPoolExecutor$ScheduledFutureTask.run(ScheduledThreadPoolExecutor.java:305)
		at java.base/java.util.concurrent.ThreadPoolExecutor.runWorker(ThreadPoolExecutor.java:1128)
		at java.base/java.util.concurrent.ThreadPoolExecutor$Worker.run(ThreadPoolExecutor.java:628)
		at org.apache.tomcat.util.threads.TaskThread$WrappingRunnable.run(TaskThread.java:61)
		at java.base/java.lang.Thread.run(Thread.java:834)
	Caused by: java.io.IOException: java.lang.reflect.InvocationTargetException
		at org.apache.tomcat.util.compat.Jre9Compat.jarFileNewInstance(Jre9Compat.java:209)
		at org.apache.tomcat.util.compat.JreCompat.jarFileNewInstance(JreCompat.java:240)
		at org.apache.catalina.webresources.AbstractArchiveResourceSet.openJarFile(AbstractArchiveResourceSet.java:314)
		at org.apache.catalina.webresources.AbstractSingleArchiveResourceSet.getArchiveEntry(AbstractSingleArchiveResourceSet.java:97)
		... 30 more
	Caused by: java.lang.reflect.InvocationTargetException
		at java.base/jdk.internal.reflect.GeneratedConstructorAccessor7.newInstance(Unknown Source)
		at java.base/jdk.internal.reflect.DelegatingConstructorAccessorImpl.newInstance(DelegatingConstructorAccessorImpl.java:45)
		at java.base/java.lang.reflect.Constructor.newInstance(Constructor.java:490)
		at org.apache.tomcat.util.compat.Jre9Compat.jarFileNewInstance(Jre9Compat.java:206)
		... 33 more
	Caused by: java.nio.file.NoSuchFileException: C:\Users\sio2\Desktop\Arnaud\normanzik\target\normanzik-1.0-SNAPSHOT\WEB-INF\lib\mariadb-java-client-2.7.5.jar
		at java.base/sun.nio.fs.WindowsException.translateToIOException(WindowsException.java:85)
		at java.base/sun.nio.fs.WindowsException.rethrowAsIOException(WindowsException.java:103)
		at java.base/sun.nio.fs.WindowsException.rethrowAsIOException(WindowsException.java:108)
		at java.base/sun.nio.fs.WindowsFileAttributeViews$Basic.readAttributes(WindowsFileAttributeViews.java:53)
		at java.base/sun.nio.fs.WindowsFileAttributeViews$Basic.readAttributes(WindowsFileAttributeViews.java:38)
		at java.base/sun.nio.fs.WindowsFileSystemProvider.readAttributes(WindowsFileSystemProvider.java:198)
		at java.base/java.nio.file.Files.readAttributes(Files.java:1764)
		at java.base/java.util.zip.ZipFile$Source.get(ZipFile.java:1231)
		at java.base/java.util.zip.ZipFile$CleanableResource.<init>(ZipFile.java:732)
		at java.base/java.util.zip.ZipFile$CleanableResource.get(ZipFile.java:841)
		at java.base/java.util.zip.ZipFile.<init>(ZipFile.java:247)
		at java.base/java.util.zip.ZipFile.<init>(ZipFile.java:177)
		at java.base/java.util.jar.JarFile.<init>(JarFile.java:348)
		... 37 more
28-Sep-2022 11:00:16.904 INFO [main] org.apache.catalina.core.ApplicationContext.log SessionListener: contextDestroyed()
28-Sep-2022 11:00:16.904 INFO [main] org.apache.catalina.core.ApplicationContext.log ContextListener: contextDestroyed()
28-Sep-2022 11:24:05.118 INFO [main] org.apache.catalina.core.ApplicationContext.log ContextListener: contextInitialized()
28-Sep-2022 11:24:05.118 INFO [main] org.apache.catalina.core.ApplicationContext.log SessionListener: contextInitialized()
28-Sep-2022 11:24:05.119 INFO [main] org.apache.catalina.core.ApplicationContext.log ContextListener: attributeAdded('StockTicker', 'async.Stockticker@6b0615ae')
